<?xml version="1.0" encoding="UTF-8"?>
<!-- Generated by org.testng.reporters.JUnitXMLReporter -->
<testsuite ignored="0" hostname="DESKTOP-NACMCLL" failures="0" tests="9" name="heroku chrome test" time="63.253" errors="0" timestamp="2026-01-29T14:00:01 IST">
  <testcase classname="com.milestone.four.herokuapp.pagestest.FT01_ABTestingTest" name="verifyHeadingText" time="0.562"/>
  <testcase classname="com.milestone.four.herokuapp.pagestest.FT01_ABTestingTest" name="verifyPageLoadsUnder3Seconds" time="0.362"/>
  <testcase classname="com.milestone.four.herokuapp.pagestest.FT02_AddRemoveTest" name="verifyAddRemoveTest" time="6.988"/>
  <testcase classname="com.milestone.four.herokuapp.pagestest.FT02_AddRemoveTest" name="verifyPageLoadsUnder3Seconds" time="0.369"/>
  <testcase classname="com.milestone.four.herokuapp.pagestest.FT03_BasicAuthTest" name="verifyBasicAuth" time="1.232"/>
  <testcase classname="com.milestone.four.herokuapp.pagestest.FT03_BasicAuthTest" name="verifyBasicAuth" time="1.104"/>
  <testcase classname="com.milestone.four.herokuapp.pagestest.FT03_BasicAuthTest" name="verifyBasicAuth" time="1.092"/>
  <testcase classname="com.milestone.four.herokuapp.pagestest.FT03_BasicAuthTest" name="verifyBasicAuth" time="1.135"/>
  <testcase classname="com.milestone.four.herokuapp.pagestest.FT03_BasicAuthTest" name="verifyPageLoadsUnder3Seconds" time="0.368"/>
</testsuite> <!-- heroku chrome test -->
