<?xml version="1.0" encoding="UTF-8"?>
<!-- Generated by org.testng.reporters.JUnitXMLReporter -->
<testsuite ignored="0" hostname="DESKTOP-NACMCLL" failures="0" tests="20" name="heroku Firefox test" time="258.438" errors="0" timestamp="2026-01-29T15:04:46 IST">
  <testcase classname="com.milestone.four.herokuapp.pagestest.FT11_EntryAdTest" name="verifyEntryAdPopup" time="1.109"/>
  <testcase classname="com.milestone.four.herokuapp.pagestest.FT12_TyposTest" name="verifyNoTypoInParagraph" time="0.592"/>
  <testcase classname="com.milestone.four.herokuapp.pagestest.FT13_FileUploadTest" name="verifyFileUpload" time="1.914"/>
  <testcase classname="com.milestone.four.herokuapp.pagestest.FT13_FileUploadTest" name="verifyPageLoadsUnder3Seconds" time="1.365"/>
  <testcase classname="com.milestone.four.herokuapp.pagestest.FT14_FileDownloadTest" name="verifyFileDownloadLink" time="6.947"/>
  <testcase classname="com.milestone.four.herokuapp.pagestest.FT14_FileDownloadTest" name="verifyPageLoadsUnder3Seconds" time="0.409"/>
  <testcase classname="com.milestone.four.herokuapp.pagestest.FT15_FloatingMenuTest" name="verifyFloatingMenuStaysVisible" time="0.836"/>
  <testcase classname="com.milestone.four.herokuapp.pagestest.FT16_LoginFormTest" name="verifyLoginCredentials" time="2.441"/>
  <testcase classname="com.milestone.four.herokuapp.pagestest.FT16_LoginFormTest" name="verifyLoginCredentials" time="1.663"/>
  <testcase classname="com.milestone.four.herokuapp.pagestest.FT16_LoginFormTest" name="verifyLoginCredentials" time="1.719"/>
  <testcase classname="com.milestone.four.herokuapp.pagestest.FT16_LoginFormTest" name="verifyLoginCredentials" time="1.655"/>
  <testcase classname="com.milestone.four.herokuapp.pagestest.FT17_HorizontalSliderTest" name="verifySliderMovesUsingActions" time="1.099"/>
  <testcase classname="com.milestone.four.herokuapp.pagestest.FT18_HoversTest" name="verifyHoverUserProfile" time="1.311"/>
  <testcase classname="com.milestone.four.herokuapp.pagestest.FT18_HoversTest" name="verifyPageLoadsUnder3Seconds" time="0.678"/>
  <testcase classname="com.milestone.four.herokuapp.pagestest.FT19_InfiniteScrollTest" name="verifyInfiniteScrollLoadsMoreContent" time="4.862"/>
  <testcase classname="com.milestone.four.herokuapp.pagestest.FT20_StatusCodesTest" name="verifyPageLoadsUnder3Seconds" time="0.389"/>
  <testcase classname="com.milestone.four.herokuapp.pagestest.FT20_StatusCodesTest" name="verifyStatusCodeMessage" time="1.01"/>
  <testcase classname="com.milestone.four.herokuapp.pagestest.FT20_StatusCodesTest" name="verifyStatusCodeMessage" time="0.984"/>
  <testcase classname="com.milestone.four.herokuapp.pagestest.FT20_StatusCodesTest" name="verifyStatusCodeMessage" time="1.087"/>
  <testcase classname="com.milestone.four.herokuapp.pagestest.FT20_StatusCodesTest" name="verifyStatusCodeMessage" time="0.997"/>
</testsuite> <!-- heroku Firefox test -->
