<?xml version="1.0" encoding="UTF-8"?>
<!-- Generated by org.testng.reporters.JUnitXMLReporter -->
<testsuite ignored="0" hostname="DESKTOP-NACMCLL" failures="1" tests="20" name="heroku Firefox test" time="300.432" errors="0" timestamp="2026-01-29T13:22:05 IST">
  <testcase classname="com.milestone.four.herokuapp.pagestest.FT11_EntryAdTest" name="verifyEntryAdPopup" time="0.003">
    <failure type="java.lang.NullPointerException" message="Cannot invoke &amp;quot;org.openqa.selenium.WebDriver.findElement(org.openqa.selenium.By)&amp;quot; because the return value of &amp;quot;com.milestone.four.utility.DriverFactory.getDriver()&amp;quot; is null">
      <![CDATA[java.lang.NullPointerException: Cannot invoke "org.openqa.selenium.WebDriver.findElement(org.openqa.selenium.By)" because the return value of "com.milestone.four.utility.DriverFactory.getDriver()" is null
at com.milestone.four.herokuapp.pagestest.FT11_EntryAdTest.verifyEntryAdPopup(FT11_EntryAdTest.java:17)
at java.base/jdk.internal.reflect.DirectMethodHandleAccessor.invoke(DirectMethodHandleAccessor.java:103)
at java.base/java.lang.reflect.Method.invoke(Method.java:580)
at org.testng.internal.invokers.MethodInvocationHelper.invokeMethod(MethodInvocationHelper.java:141)
at org.testng.internal.invokers.TestInvoker.invokeMethod(TestInvoker.java:686)
at org.testng.internal.invokers.TestInvoker.invokeTestMethod(TestInvoker.java:230)
at org.testng.internal.invokers.MethodRunner.runInSequence(MethodRunner.java:63)
at org.testng.internal.invokers.TestInvoker$MethodInvocationAgent.invoke(TestInvoker.java:992)
at org.testng.internal.invokers.TestInvoker.invokeTestMethods(TestInvoker.java:203)
at org.testng.internal.invokers.TestMethodWorker.invokeTestMethods(TestMethodWorker.java:154)
at org.testng.internal.invokers.TestMethodWorker.run(TestMethodWorker.java:134)
at java.base/java.util.ArrayList.forEach(ArrayList.java:1596)
at org.testng.TestRunner.privateRun(TestRunner.java:739)
at org.testng.TestRunner.run(TestRunner.java:614)
at org.testng.SuiteRunner.runTest(SuiteRunner.java:421)
at org.testng.SuiteRunner.runSequentially(SuiteRunner.java:413)
at org.testng.SuiteRunner.privateRun(SuiteRunner.java:373)
at org.testng.SuiteRunner.run(SuiteRunner.java:312)
at org.testng.SuiteRunnerWorker.runSuite(SuiteRunnerWorker.java:52)
at org.testng.SuiteRunnerWorker.run(SuiteRunnerWorker.java:95)
at org.testng.TestNG.runSuitesSequentially(TestNG.java:1274)
at org.testng.TestNG.runSuitesLocally(TestNG.java:1208)
at org.testng.TestNG.runSuites(TestNG.java:1112)
at org.testng.TestNG.run(TestNG.java:1079)
at com.milestone.four.runner.TestNGSuiteRunner.runSuite(TestNGSuiteRunner.java:25)
at com.milestone.four.service.TestExecutionService.executeSuite(TestExecutionService.java:28)
at com.milestone.four.controller.UITestController.runSuite(UITestController.java:24)
at java.base/jdk.internal.reflect.DirectMethodHandleAccessor.invoke(DirectMethodHandleAccessor.java:103)
at java.base/java.lang.reflect.Method.invoke(Method.java:580)
at org.springframework.web.method.support.InvocableHandlerMethod.doInvoke(InvocableHandlerMethod.java:258)
at org.springframework.web.method.support.InvocableHandlerMethod.invokeForRequest(InvocableHandlerMethod.java:190)
at org.springframework.web.servlet.mvc.method.annotation.ServletInvocableHandlerMethod.invokeAndHandle(ServletInvocableHandlerMethod.java:117)
at org.springframework.web.servlet.mvc.method.annotation.RequestMappingHandlerAdapter.invokeHandlerMethod(RequestMappingHandlerAdapter.java:934)
at org.springframework.web.servlet.mvc.method.annotation.RequestMappingHandlerAdapter.handleInternal(RequestMappingHandlerAdapter.java:853)
at org.springframework.web.servlet.mvc.method.AbstractHandlerMethodAdapter.handle(AbstractHandlerMethodAdapter.java:86)
at org.springframework.web.servlet.DispatcherServlet.doDispatch(DispatcherServlet.java:963)
at org.springframework.web.servlet.DispatcherServlet.doService(DispatcherServlet.java:866)
at org.springframework.web.servlet.FrameworkServlet.processRequest(FrameworkServlet.java:1003)
at org.springframework.web.servlet.FrameworkServlet.doPost(FrameworkServlet.java:903)
at jakarta.servlet.http.HttpServlet.service(HttpServlet.java:649)
at org.springframework.web.servlet.FrameworkServlet.service(FrameworkServlet.java:874)
at jakarta.servlet.http.HttpServlet.service(HttpServlet.java:710)
at org.apache.catalina.core.ApplicationFilterChain.doFilter(ApplicationFilterChain.java:128)
at org.apache.tomcat.websocket.server.WsFilter.doFilter(WsFilter.java:53)
at org.apache.catalina.core.ApplicationFilterChain.doFilter(ApplicationFilterChain.java:107)
at org.springframework.web.filter.RequestContextFilter.doFilterInternal(RequestContextFilter.java:100)
at org.springframework.web.filter.OncePerRequestFilter.doFilter(OncePerRequestFilter.java:116)
at org.apache.catalina.core.ApplicationFilterChain.doFilter(ApplicationFilterChain.java:107)
at org.springframework.web.filter.FormContentFilter.doFilterInternal(FormContentFilter.java:93)
at org.springframework.web.filter.OncePerRequestFilter.doFilter(OncePerRequestFilter.java:116)
at org.apache.catalina.core.ApplicationFilterChain.doFilter(ApplicationFilterChain.java:107)
at org.springframework.web.filter.CharacterEncodingFilter.doFilterInternal(CharacterEncodingFilter.java:199)
at org.springframework.web.filter.OncePerRequestFilter.doFilter(OncePerRequestFilter.java:116)
at org.apache.catalina.core.ApplicationFilterChain.doFilter(ApplicationFilterChain.java:107)
at org.apache.catalina.core.StandardWrapperValve.invoke(StandardWrapperValve.java:165)
at org.apache.catalina.core.StandardContextValve.invoke(StandardContextValve.java:77)
at org.apache.catalina.authenticator.AuthenticatorBase.invoke(AuthenticatorBase.java:482)
at org.apache.catalina.core.StandardHostValve.invoke(StandardHostValve.java:113)
at org.apache.catalina.valves.ErrorReportValve.invoke(ErrorReportValve.java:83)
at org.apache.catalina.core.StandardEngineValve.invoke(StandardEngineValve.java:72)
at org.apache.catalina.connector.CoyoteAdapter.service(CoyoteAdapter.java:341)
at org.apache.coyote.http11.Http11Processor.service(Http11Processor.java:397)
at org.apache.coyote.AbstractProcessorLight.process(AbstractProcessorLight.java:63)
at org.apache.coyote.AbstractProtocol$ConnectionHandler.process(AbstractProtocol.java:903)
at org.apache.tomcat.util.net.NioEndpoint$SocketProcessor.doRun(NioEndpoint.java:1778)
at org.apache.tomcat.util.net.SocketProcessorBase.run(SocketProcessorBase.java:52)
at org.apache.tomcat.util.threads.ThreadPoolExecutor.runWorker(ThreadPoolExecutor.java:946)
at org.apache.tomcat.util.threads.ThreadPoolExecutor$Worker.run(ThreadPoolExecutor.java:480)
at org.apache.tomcat.util.threads.TaskThread$WrappingRunnable.run(TaskThread.java:57)
at java.base/java.lang.Thread.run(Thread.java:1583)
]]>
    </failure>
  </testcase> <!-- verifyEntryAdPopup -->
  <testcase classname="com.milestone.four.herokuapp.pagestest.FT12_TyposTest" name="verifyNoTypoInParagraph" time="0.638"/>
  <testcase classname="com.milestone.four.herokuapp.pagestest.FT13_FileUploadTest" name="verifyFileUpload" time="1.889"/>
  <testcase classname="com.milestone.four.herokuapp.pagestest.FT13_FileUploadTest" name="verifyPageLoadsUnder3Seconds" time="0.692"/>
  <testcase classname="com.milestone.four.herokuapp.pagestest.FT14_FileDownloadTest" name="verifyFileDownloadLink" time="6.431"/>
  <testcase classname="com.milestone.four.herokuapp.pagestest.FT14_FileDownloadTest" name="verifyPageLoadsUnder3Seconds" time="0.383"/>
  <testcase classname="com.milestone.four.herokuapp.pagestest.FT15_FloatingMenuTest" name="verifyFloatingMenuStaysVisible" time="0.877"/>
  <testcase classname="com.milestone.four.herokuapp.pagestest.FT16_LoginFormTest" name="verifyLoginCredentials" time="2.77"/>
  <testcase classname="com.milestone.four.herokuapp.pagestest.FT16_LoginFormTest" name="verifyLoginCredentials" time="1.71"/>
  <testcase classname="com.milestone.four.herokuapp.pagestest.FT16_LoginFormTest" name="verifyLoginCredentials" time="2.297"/>
  <testcase classname="com.milestone.four.herokuapp.pagestest.FT16_LoginFormTest" name="verifyLoginCredentials" time="2.002"/>
  <testcase classname="com.milestone.four.herokuapp.pagestest.FT17_HorizontalSliderTest" name="verifySliderMovesUsingActions" time="1.116"/>
  <testcase classname="com.milestone.four.herokuapp.pagestest.FT18_HoversTest" name="verifyHoverUserProfile" time="1.307"/>
  <testcase classname="com.milestone.four.herokuapp.pagestest.FT18_HoversTest" name="verifyPageLoadsUnder3Seconds" time="0.709"/>
  <testcase classname="com.milestone.four.herokuapp.pagestest.FT19_InfiniteScrollTest" name="verifyInfiniteScrollLoadsMoreContent" time="4.858"/>
  <testcase classname="com.milestone.four.herokuapp.pagestest.FT20_StatusCodesTest" name="verifyPageLoadsUnder3Seconds" time="0.406"/>
  <testcase classname="com.milestone.four.herokuapp.pagestest.FT20_StatusCodesTest" name="verifyStatusCodeMessage" time="1.011"/>
  <testcase classname="com.milestone.four.herokuapp.pagestest.FT20_StatusCodesTest" name="verifyStatusCodeMessage" time="1.024"/>
  <testcase classname="com.milestone.four.herokuapp.pagestest.FT20_StatusCodesTest" name="verifyStatusCodeMessage" time="0.997"/>
  <testcase classname="com.milestone.four.herokuapp.pagestest.FT20_StatusCodesTest" name="verifyStatusCodeMessage" time="0.988"/>
</testsuite> <!-- heroku Firefox test -->
