<?xml version="1.0" encoding="UTF-8"?>
<!-- Generated by org.testng.reporters.JUnitXMLReporter -->
<testsuite ignored="0" hostname="DESKTOP-NACMCLL" failures="0" tests="19" name="heroku chrome test" time="153.683" errors="0" timestamp="2026-01-29T15:00:27 IST">
  <testcase classname="com.milestone.four.herokuapp.pagestest.FT01_ABTestingTest" name="verifyHeadingText" time="0.504"/>
  <testcase classname="com.milestone.four.herokuapp.pagestest.FT01_ABTestingTest" name="verifyPageLoadsUnder3Seconds" time="0.362"/>
  <testcase classname="com.milestone.four.herokuapp.pagestest.FT02_AddRemoveTest" name="verifyAddRemoveTest" time="6.939"/>
  <testcase classname="com.milestone.four.herokuapp.pagestest.FT02_AddRemoveTest" name="verifyPageLoadsUnder3Seconds" time="0.359"/>
  <testcase classname="com.milestone.four.herokuapp.pagestest.FT03_BasicAuthTest" name="verifyBasicAuth" time="1.218"/>
  <testcase classname="com.milestone.four.herokuapp.pagestest.FT03_BasicAuthTest" name="verifyBasicAuth" time="1.173"/>
  <testcase classname="com.milestone.four.herokuapp.pagestest.FT03_BasicAuthTest" name="verifyBasicAuth" time="1.137"/>
  <testcase classname="com.milestone.four.herokuapp.pagestest.FT03_BasicAuthTest" name="verifyBasicAuth" time="1.105"/>
  <testcase classname="com.milestone.four.herokuapp.pagestest.FT03_BasicAuthTest" name="verifyPageLoadsUnder3Seconds" time="0.351"/>
  <testcase classname="com.milestone.four.herokuapp.pagestest.FT04_BrokenImageTest" name="verifyBrokenImages" time="0.825"/>
  <testcase classname="com.milestone.four.herokuapp.pagestest.FT04_BrokenImageTest" name="verifyPageLoadsUnder3Seconds" time="0.718"/>
  <testcase classname="com.milestone.four.herokuapp.pagestest.FT05_CheckBoxTest" name="verifyCheckBoxes" time="0.522"/>
  <testcase classname="com.milestone.four.herokuapp.pagestest.FT05_CheckBoxTest" name="verifyPageLoadsUnder3Seconds" time="0.356"/>
  <testcase classname="com.milestone.four.herokuapp.pagestest.FT06_ContextMenuTest" name="verifyContextMenuAlert" time="0.61"/>
  <testcase classname="com.milestone.four.herokuapp.pagestest.FT07_DragDropTest" name="verifyDragAndDrop" time="0.796"/>
  <testcase classname="com.milestone.four.herokuapp.pagestest.FT08_DropDownTest" name="verifyDropDown" time="0.764"/>
  <testcase classname="com.milestone.four.herokuapp.pagestest.FT08_DropDownTest" name="verifyPageLoadsUnder3Seconds" time="0.366"/>
  <testcase classname="com.milestone.four.herokuapp.pagestest.FT09_DynamicControlTest" name="verifyDynamicControls" time="19.707"/>
  <testcase classname="com.milestone.four.herokuapp.pagestest.FT10_DynamicLoadingTest" name="verifyDynamicLoadingFlow" time="6.227"/>
</testsuite> <!-- heroku chrome test -->
