<?xml version="1.0" encoding="UTF-8"?>
<!-- Generated by org.testng.reporters.JUnitXMLReporter -->
<testsuite ignored="0" hostname="DESKTOP-NACMCLL" failures="0" tests="3" name="Chrome Test" time="191.407" errors="0" timestamp="2026-02-09T15:52:59 IST">
  <testcase classname="com.milestone.four.orangehrm.pagestest.LoginPageTest" name="loginTest" time="11.934"/>
  <testcase classname="com.milestone.four.orangehrm.pagestest.LoginPageTest" name="loginTest" time="9.658"/>
  <testcase classname="com.milestone.four.orangehrm.pagestest.LoginPageTest" name="loginTest" time="13.27"/>
</testsuite> <!-- Chrome Test -->
