<?xml version="1.0" encoding="UTF-8"?>
<!-- Generated by org.testng.reporters.JUnitXMLReporter -->
<testsuite ignored="0" hostname="DESKTOP-NACMCLL" failures="0" tests="3" name="Chrome Test" time="59.919" errors="0" timestamp="2026-01-29T14:06:11 IST">
  <testcase classname="com.milestone.four.orangehrm.pagestest.LoginPageTest" name="loginTest" time="6.827"/>
  <testcase classname="com.milestone.four.orangehrm.pagestest.LoginPageTest" name="loginTest" time="5.931"/>
  <testcase classname="com.milestone.four.orangehrm.pagestest.LoginPageTest" name="loginTest" time="6.202"/>
</testsuite> <!-- Chrome Test -->
