<?xml version="1.0" encoding="UTF-8"?>
<!-- Generated by org.testng.reporters.JUnitXMLReporter -->
<testsuite ignored="0" hostname="DESKTOP-NACMCLL" failures="0" tests="3" name="firefox-test" time="79.647" errors="0" timestamp="2026-02-08T20:11:49 IST">
  <testcase classname="com.milestone.four.orangehrm.pagestest.LoginPageTest" name="loginTest" time="9.025"/>
  <testcase classname="com.milestone.four.orangehrm.pagestest.LoginPageTest" name="loginTest" time="8.973"/>
  <testcase classname="com.milestone.four.orangehrm.pagestest.LoginPageTest" name="loginTest" time="8.222"/>
</testsuite> <!-- firefox-test -->
