<?xml version="1.0" encoding="UTF-8"?>
<!-- Generated by org.testng.reporters.JUnitXMLReporter -->
<testsuite ignored="0" hostname="DESKTOP-NACMCLL" failures="0" tests="3" name="firefox-test" time="136.006" errors="0" timestamp="2026-02-09T15:55:15 IST">
  <testcase classname="com.milestone.four.orangehrm.pagestest.LoginPageTest" name="loginTest" time="12.202"/>
  <testcase classname="com.milestone.four.orangehrm.pagestest.LoginPageTest" name="loginTest" time="13.161"/>
  <testcase classname="com.milestone.four.orangehrm.pagestest.LoginPageTest" name="loginTest" time="18.731"/>
</testsuite> <!-- firefox-test -->
