<?xml version="1.0" encoding="UTF-8"?>
<testng-results ignored="0" total="6" passed="6" failed="0" skipped="0">
  <reporter-output>
    <line>
      <![CDATA[Data Provider value inserted]]>
    </line>
    <line>
      <![CDATA[Browser is opening]]>
    </line>
    <line>
      <![CDATA[login test started]]>
    </line>
    <line>
      <![CDATA[chrome]]>
    </line>
    <line>
      <![CDATA[login test started]]>
    </line>
    <line>
      <![CDATA[LoginPage contructor start to initialise Driver]]>
    </line>
    <line>
      <![CDATA[Login started]]>
    </line>
    <line>
      <![CDATA[Browser is closing]]>
    </line>
    <line>
      <![CDATA[Browser is opening]]>
    </line>
    <line>
      <![CDATA[login test started]]>
    </line>
    <line>
      <![CDATA[chrome]]>
    </line>
    <line>
      <![CDATA[login test started]]>
    </line>
    <line>
      <![CDATA[LoginPage contructor start to initialise Driver]]>
    </line>
    <line>
      <![CDATA[Login started]]>
    </line>
    <line>
      <![CDATA[Browser is closing]]>
    </line>
    <line>
      <![CDATA[Browser is opening]]>
    </line>
    <line>
      <![CDATA[login test started]]>
    </line>
    <line>
      <![CDATA[chrome]]>
    </line>
    <line>
      <![CDATA[login test started]]>
    </line>
    <line>
      <![CDATA[LoginPage contructor start to initialise Driver]]>
    </line>
    <line>
      <![CDATA[Login started]]>
    </line>
    <line>
      <![CDATA[Browser is closing]]>
    </line>
    <line>
      <![CDATA[Data Provider value inserted]]>
    </line>
    <line>
      <![CDATA[Browser is opening]]>
    </line>
    <line>
      <![CDATA[login test started]]>
    </line>
    <line>
      <![CDATA[firefox]]>
    </line>
    <line>
      <![CDATA[login test started]]>
    </line>
    <line>
      <![CDATA[LoginPage contructor start to initialise Driver]]>
    </line>
    <line>
      <![CDATA[Login started]]>
    </line>
    <line>
      <![CDATA[Browser is closing]]>
    </line>
    <line>
      <![CDATA[Browser is opening]]>
    </line>
    <line>
      <![CDATA[login test started]]>
    </line>
    <line>
      <![CDATA[firefox]]>
    </line>
    <line>
      <![CDATA[login test started]]>
    </line>
    <line>
      <![CDATA[LoginPage contructor start to initialise Driver]]>
    </line>
    <line>
      <![CDATA[Login started]]>
    </line>
    <line>
      <![CDATA[Browser is closing]]>
    </line>
    <line>
      <![CDATA[Browser is opening]]>
    </line>
    <line>
      <![CDATA[login test started]]>
    </line>
    <line>
      <![CDATA[firefox]]>
    </line>
    <line>
      <![CDATA[login test started]]>
    </line>
    <line>
      <![CDATA[LoginPage contructor start to initialise Driver]]>
    </line>
    <line>
      <![CDATA[Login started]]>
    </line>
    <line>
      <![CDATA[Browser is closing]]>
    </line>
  </reporter-output>
  <suite started-at="2026-02-09T15:49:44 IST" name="OrangeHRM Suite" finished-at="2026-02-09T15:55:15 IST" duration-ms="330736">
    <groups>
    </groups>
    <test started-at="2026-02-09T15:49:44 IST" name="Chrome Test" finished-at="2026-02-09T15:52:56 IST" duration-ms="191407">
      <class name="com.milestone.four.orangehrm.pagestest.LoginPageTest">
        <test-method is-config="true" signature="beforeClass()[pri:0, instance:com.milestone.four.orangehrm.pagestest.LoginPageTest@26f3b1c2]" started-at="2026-02-09T15:49:44 IST" name="beforeClass" finished-at="2026-02-09T15:49:44 IST" duration-ms="52" status="PASS">
          <reporter-output>
          </reporter-output>
        </test-method> <!-- beforeClass -->
        <test-method is-config="true" signature="beforeMethod(java.lang.String)[pri:0, instance:com.milestone.four.orangehrm.pagestest.LoginPageTest@26f3b1c2]" started-at="2026-02-09T15:49:44 IST" name="beforeMethod" finished-at="2026-02-09T15:49:58 IST" duration-ms="13681" status="PASS">
          <params>
            <param index="0">
              <value>
                <![CDATA[chrome]]>
              </value>
            </param>
          </params>
          <reporter-output>
            <line>
              <![CDATA[Browser is opening]]>
            </line>
            <line>
              <![CDATA[login test started]]>
            </line>
            <line>
              <![CDATA[chrome]]>
            </line>
          </reporter-output>
        </test-method> <!-- beforeMethod -->
        <test-method signature="loginTest(java.lang.String,java.lang.String)[pri:0, instance:com.milestone.four.orangehrm.pagestest.LoginPageTest@26f3b1c2]" started-at="2026-02-09T15:49:58 IST" name="loginTest" data-provider="loginData" finished-at="2026-02-09T15:50:10 IST" duration-ms="11934" status="PASS">
          <params>
            <param index="0">
              <value>
                <![CDATA[Admin]]>
              </value>
            </param>
            <param index="1">
              <value>
                <![CDATA[admin123]]>
              </value>
            </param>
          </params>
          <reporter-output>
            <line>
              <![CDATA[login test started]]>
            </line>
            <line>
              <![CDATA[LoginPage contructor start to initialise Driver]]>
            </line>
            <line>
              <![CDATA[Login started]]>
            </line>
          </reporter-output>
        </test-method> <!-- loginTest -->
        <test-method is-config="true" signature="afterMethod()[pri:0, instance:com.milestone.four.orangehrm.pagestest.LoginPageTest@26f3b1c2]" started-at="2026-02-09T15:50:10 IST" name="afterMethod" finished-at="2026-02-09T15:50:10 IST" duration-ms="281" status="PASS">
          <reporter-output>
            <line>
              <![CDATA[Browser is closing]]>
            </line>
          </reporter-output>
        </test-method> <!-- afterMethod -->
        <test-method is-config="true" signature="beforeMethod(java.lang.String)[pri:0, instance:com.milestone.four.orangehrm.pagestest.LoginPageTest@26f3b1c2]" started-at="2026-02-09T15:50:10 IST" name="beforeMethod" finished-at="2026-02-09T15:51:15 IST" duration-ms="64709" status="PASS">
          <params>
            <param index="0">
              <value>
                <![CDATA[chrome]]>
              </value>
            </param>
          </params>
          <reporter-output>
            <line>
              <![CDATA[Browser is opening]]>
            </line>
            <line>
              <![CDATA[login test started]]>
            </line>
            <line>
              <![CDATA[chrome]]>
            </line>
          </reporter-output>
        </test-method> <!-- beforeMethod -->
        <test-method signature="loginTest(java.lang.String,java.lang.String)[pri:0, instance:com.milestone.four.orangehrm.pagestest.LoginPageTest@26f3b1c2]" started-at="2026-02-09T15:51:15 IST" name="loginTest" data-provider="loginData" finished-at="2026-02-09T15:51:25 IST" duration-ms="9658" status="PASS">
          <params>
            <param index="0">
              <value>
                <![CDATA[InvalidUser]]>
              </value>
            </param>
            <param index="1">
              <value>
                <![CDATA[admin123]]>
              </value>
            </param>
          </params>
          <reporter-output>
            <line>
              <![CDATA[login test started]]>
            </line>
            <line>
              <![CDATA[LoginPage contructor start to initialise Driver]]>
            </line>
            <line>
              <![CDATA[Login started]]>
            </line>
          </reporter-output>
        </test-method> <!-- loginTest -->
        <test-method is-config="true" signature="afterMethod()[pri:0, instance:com.milestone.four.orangehrm.pagestest.LoginPageTest@26f3b1c2]" started-at="2026-02-09T15:51:37 IST" name="afterMethod" finished-at="2026-02-09T15:51:38 IST" duration-ms="365" status="PASS">
          <reporter-output>
            <line>
              <![CDATA[Browser is closing]]>
            </line>
          </reporter-output>
        </test-method> <!-- afterMethod -->
        <test-method is-config="true" signature="beforeMethod(java.lang.String)[pri:0, instance:com.milestone.four.orangehrm.pagestest.LoginPageTest@26f3b1c2]" started-at="2026-02-09T15:51:38 IST" name="beforeMethod" finished-at="2026-02-09T15:52:39 IST" duration-ms="61435" status="PASS">
          <params>
            <param index="0">
              <value>
                <![CDATA[chrome]]>
              </value>
            </param>
          </params>
          <reporter-output>
            <line>
              <![CDATA[Browser is opening]]>
            </line>
            <line>
              <![CDATA[login test started]]>
            </line>
            <line>
              <![CDATA[chrome]]>
            </line>
          </reporter-output>
        </test-method> <!-- beforeMethod -->
        <test-method signature="loginTest(java.lang.String,java.lang.String)[pri:0, instance:com.milestone.four.orangehrm.pagestest.LoginPageTest@26f3b1c2]" started-at="2026-02-09T15:52:39 IST" name="loginTest" data-provider="loginData" finished-at="2026-02-09T15:52:53 IST" duration-ms="13270" status="PASS">
          <params>
            <param index="0">
              <value>
                <![CDATA[Admin]]>
              </value>
            </param>
            <param index="1">
              <value>
                <![CDATA[wrongPass]]>
              </value>
            </param>
          </params>
          <reporter-output>
            <line>
              <![CDATA[login test started]]>
            </line>
            <line>
              <![CDATA[LoginPage contructor start to initialise Driver]]>
            </line>
            <line>
              <![CDATA[Login started]]>
            </line>
          </reporter-output>
        </test-method> <!-- loginTest -->
        <test-method is-config="true" signature="afterMethod()[pri:0, instance:com.milestone.four.orangehrm.pagestest.LoginPageTest@26f3b1c2]" started-at="2026-02-09T15:52:54 IST" name="afterMethod" finished-at="2026-02-09T15:52:55 IST" duration-ms="1513" status="PASS">
          <reporter-output>
            <line>
              <![CDATA[Browser is closing]]>
            </line>
          </reporter-output>
        </test-method> <!-- afterMethod -->
        <test-method is-config="true" signature="afterClass()[pri:0, instance:com.milestone.four.orangehrm.pagestest.LoginPageTest@26f3b1c2]" started-at="2026-02-09T15:52:55 IST" name="afterClass" finished-at="2026-02-09T15:52:55 IST" duration-ms="4" status="PASS">
          <reporter-output>
          </reporter-output>
        </test-method> <!-- afterClass -->
      </class> <!-- com.milestone.four.orangehrm.pagestest.LoginPageTest -->
    </test> <!-- Chrome Test -->
    <test started-at="2026-02-09T15:52:59 IST" name="firefox-test" finished-at="2026-02-09T15:55:15 IST" duration-ms="136006">
      <class name="com.milestone.four.orangehrm.pagestest.LoginPageTest">
        <test-method is-config="true" signature="beforeClass()[pri:0, instance:com.milestone.four.orangehrm.pagestest.LoginPageTest@584f4a8b]" started-at="2026-02-09T15:52:59 IST" name="beforeClass" finished-at="2026-02-09T15:52:59 IST" duration-ms="1" status="PASS">
          <reporter-output>
          </reporter-output>
        </test-method> <!-- beforeClass -->
        <test-method is-config="true" signature="beforeMethod(java.lang.String)[pri:0, instance:com.milestone.four.orangehrm.pagestest.LoginPageTest@584f4a8b]" started-at="2026-02-09T15:52:59 IST" name="beforeMethod" finished-at="2026-02-09T15:53:31 IST" duration-ms="31997" status="PASS">
          <params>
            <param index="0">
              <value>
                <![CDATA[firefox]]>
              </value>
            </param>
          </params>
          <reporter-output>
            <line>
              <![CDATA[Browser is opening]]>
            </line>
            <line>
              <![CDATA[login test started]]>
            </line>
            <line>
              <![CDATA[firefox]]>
            </line>
          </reporter-output>
        </test-method> <!-- beforeMethod -->
        <test-method signature="loginTest(java.lang.String,java.lang.String)[pri:0, instance:com.milestone.four.orangehrm.pagestest.LoginPageTest@584f4a8b]" started-at="2026-02-09T15:53:31 IST" name="loginTest" data-provider="loginData" finished-at="2026-02-09T15:53:43 IST" duration-ms="12202" status="PASS">
          <params>
            <param index="0">
              <value>
                <![CDATA[Admin]]>
              </value>
            </param>
            <param index="1">
              <value>
                <![CDATA[admin123]]>
              </value>
            </param>
          </params>
          <reporter-output>
            <line>
              <![CDATA[login test started]]>
            </line>
            <line>
              <![CDATA[LoginPage contructor start to initialise Driver]]>
            </line>
            <line>
              <![CDATA[Login started]]>
            </line>
          </reporter-output>
        </test-method> <!-- loginTest -->
        <test-method is-config="true" signature="afterMethod()[pri:0, instance:com.milestone.four.orangehrm.pagestest.LoginPageTest@584f4a8b]" started-at="2026-02-09T15:53:43 IST" name="afterMethod" finished-at="2026-02-09T15:53:45 IST" duration-ms="2109" status="PASS">
          <reporter-output>
            <line>
              <![CDATA[Browser is closing]]>
            </line>
          </reporter-output>
        </test-method> <!-- afterMethod -->
        <test-method is-config="true" signature="beforeMethod(java.lang.String)[pri:0, instance:com.milestone.four.orangehrm.pagestest.LoginPageTest@584f4a8b]" started-at="2026-02-09T15:53:45 IST" name="beforeMethod" finished-at="2026-02-09T15:54:11 IST" duration-ms="25303" status="PASS">
          <params>
            <param index="0">
              <value>
                <![CDATA[firefox]]>
              </value>
            </param>
          </params>
          <reporter-output>
            <line>
              <![CDATA[Browser is opening]]>
            </line>
            <line>
              <![CDATA[login test started]]>
            </line>
            <line>
              <![CDATA[firefox]]>
            </line>
          </reporter-output>
        </test-method> <!-- beforeMethod -->
        <test-method signature="loginTest(java.lang.String,java.lang.String)[pri:0, instance:com.milestone.four.orangehrm.pagestest.LoginPageTest@584f4a8b]" started-at="2026-02-09T15:54:11 IST" name="loginTest" data-provider="loginData" finished-at="2026-02-09T15:54:24 IST" duration-ms="13161" status="PASS">
          <params>
            <param index="0">
              <value>
                <![CDATA[InvalidUser]]>
              </value>
            </param>
            <param index="1">
              <value>
                <![CDATA[admin123]]>
              </value>
            </param>
          </params>
          <reporter-output>
            <line>
              <![CDATA[login test started]]>
            </line>
            <line>
              <![CDATA[LoginPage contructor start to initialise Driver]]>
            </line>
            <line>
              <![CDATA[Login started]]>
            </line>
          </reporter-output>
        </test-method> <!-- loginTest -->
        <test-method is-config="true" signature="afterMethod()[pri:0, instance:com.milestone.four.orangehrm.pagestest.LoginPageTest@584f4a8b]" started-at="2026-02-09T15:54:24 IST" name="afterMethod" finished-at="2026-02-09T15:54:25 IST" duration-ms="1617" status="PASS">
          <reporter-output>
            <line>
              <![CDATA[Browser is closing]]>
            </line>
          </reporter-output>
        </test-method> <!-- afterMethod -->
        <test-method is-config="true" signature="beforeMethod(java.lang.String)[pri:0, instance:com.milestone.four.orangehrm.pagestest.LoginPageTest@584f4a8b]" started-at="2026-02-09T15:54:25 IST" name="beforeMethod" finished-at="2026-02-09T15:54:54 IST" duration-ms="28819" status="PASS">
          <params>
            <param index="0">
              <value>
                <![CDATA[firefox]]>
              </value>
            </param>
          </params>
          <reporter-output>
            <line>
              <![CDATA[Browser is opening]]>
            </line>
            <line>
              <![CDATA[login test started]]>
            </line>
            <line>
              <![CDATA[firefox]]>
            </line>
          </reporter-output>
        </test-method> <!-- beforeMethod -->
        <test-method signature="loginTest(java.lang.String,java.lang.String)[pri:0, instance:com.milestone.four.orangehrm.pagestest.LoginPageTest@584f4a8b]" started-at="2026-02-09T15:54:54 IST" name="loginTest" data-provider="loginData" finished-at="2026-02-09T15:55:13 IST" duration-ms="18731" status="PASS">
          <params>
            <param index="0">
              <value>
                <![CDATA[Admin]]>
              </value>
            </param>
            <param index="1">
              <value>
                <![CDATA[wrongPass]]>
              </value>
            </param>
          </params>
          <reporter-output>
            <line>
              <![CDATA[login test started]]>
            </line>
            <line>
              <![CDATA[LoginPage contructor start to initialise Driver]]>
            </line>
            <line>
              <![CDATA[Login started]]>
            </line>
          </reporter-output>
        </test-method> <!-- loginTest -->
        <test-method is-config="true" signature="afterMethod()[pri:0, instance:com.milestone.four.orangehrm.pagestest.LoginPageTest@584f4a8b]" started-at="2026-02-09T15:55:13 IST" name="afterMethod" finished-at="2026-02-09T15:55:15 IST" duration-ms="1772" status="PASS">
          <reporter-output>
            <line>
              <![CDATA[Browser is closing]]>
            </line>
          </reporter-output>
        </test-method> <!-- afterMethod -->
        <test-method is-config="true" signature="afterClass()[pri:0, instance:com.milestone.four.orangehrm.pagestest.LoginPageTest@584f4a8b]" started-at="2026-02-09T15:55:15 IST" name="afterClass" finished-at="2026-02-09T15:55:15 IST" duration-ms="1" status="PASS">
          <reporter-output>
          </reporter-output>
        </test-method> <!-- afterClass -->
      </class> <!-- com.milestone.four.orangehrm.pagestest.LoginPageTest -->
    </test> <!-- firefox-test -->
  </suite> <!-- OrangeHRM Suite -->
</testng-results>
