<?xml version="1.0" encoding="UTF-8"?>
<testng-results ignored="0" total="39" passed="34" failed="5" skipped="0">
  <reporter-output>
    <line>
      <![CDATA[Data Provider value inserted]]>
    </line>
    <line>
      <![CDATA[Browser is opening]]>
    </line>
    <line>
      <![CDATA[login test started]]>
    </line>
    <line>
      <![CDATA[chrome]]>
    </line>
    <line>
      <![CDATA[login test started]]>
    </line>
    <line>
      <![CDATA[LoginPage contructor start to initialise Driver]]>
    </line>
    <line>
      <![CDATA[Login started]]>
    </line>
    <line>
      <![CDATA[Browser is closing]]>
    </line>
    <line>
      <![CDATA[Browser is opening]]>
    </line>
    <line>
      <![CDATA[login test started]]>
    </line>
    <line>
      <![CDATA[chrome]]>
    </line>
    <line>
      <![CDATA[login test started]]>
    </line>
    <line>
      <![CDATA[LoginPage contructor start to initialise Driver]]>
    </line>
    <line>
      <![CDATA[Login started]]>
    </line>
    <line>
      <![CDATA[Browser is closing]]>
    </line>
    <line>
      <![CDATA[Browser is opening]]>
    </line>
    <line>
      <![CDATA[login test started]]>
    </line>
    <line>
      <![CDATA[chrome]]>
    </line>
    <line>
      <![CDATA[login test started]]>
    </line>
    <line>
      <![CDATA[LoginPage contructor start to initialise Driver]]>
    </line>
    <line>
      <![CDATA[Login started]]>
    </line>
    <line>
      <![CDATA[Browser is closing]]>
    </line>
    <line>
      <![CDATA[Data Provider value inserted]]>
    </line>
    <line>
      <![CDATA[Browser is opening]]>
    </line>
    <line>
      <![CDATA[login test started]]>
    </line>
    <line>
      <![CDATA[firefox]]>
    </line>
    <line>
      <![CDATA[login test started]]>
    </line>
    <line>
      <![CDATA[LoginPage contructor start to initialise Driver]]>
    </line>
    <line>
      <![CDATA[Login started]]>
    </line>
    <line>
      <![CDATA[Browser is closing]]>
    </line>
    <line>
      <![CDATA[Browser is opening]]>
    </line>
    <line>
      <![CDATA[login test started]]>
    </line>
    <line>
      <![CDATA[firefox]]>
    </line>
    <line>
      <![CDATA[login test started]]>
    </line>
    <line>
      <![CDATA[LoginPage contructor start to initialise Driver]]>
    </line>
    <line>
      <![CDATA[Login started]]>
    </line>
    <line>
      <![CDATA[Browser is closing]]>
    </line>
    <line>
      <![CDATA[Browser is opening]]>
    </line>
    <line>
      <![CDATA[login test started]]>
    </line>
    <line>
      <![CDATA[firefox]]>
    </line>
    <line>
      <![CDATA[login test started]]>
    </line>
    <line>
      <![CDATA[LoginPage contructor start to initialise Driver]]>
    </line>
    <line>
      <![CDATA[Login started]]>
    </line>
    <line>
      <![CDATA[Browser is closing]]>
    </line>
    <line>
      <![CDATA[Browser is opening]]>
    </line>
    <line>
      <![CDATA[login test started]]>
    </line>
    <line>
      <![CDATA[chrome]]>
    </line>
    <line>
      <![CDATA[Initializing ABtesting]]>
    </line>
    <line>
      <![CDATA[fetching heading text for abtesting]]>
    </line>
    <line>
      <![CDATA[Browser is closing]]>
    </line>
    <line>
      <![CDATA[Browser is opening]]>
    </line>
    <line>
      <![CDATA[login test started]]>
    </line>
    <line>
      <![CDATA[chrome]]>
    </line>
    <line>
      <![CDATA[Initializing PerformancePage]]>
    </line>
    <line>
      <![CDATA[Browser is closing]]>
    </line>
    <line>
      <![CDATA[Browser is opening]]>
    </line>
    <line>
      <![CDATA[login test started]]>
    </line>
    <line>
      <![CDATA[chrome]]>
    </line>
    <line>
      <![CDATA[Initializing Add Remove Page]]>
    </line>
    <line>
      <![CDATA[Initialization of Add Button]]>
    </line>
    <line>
      <![CDATA[Initialization of Add Button]]>
    </line>
    <line>
      <![CDATA[Initialization of Add Button]]>
    </line>
    <line>
      <![CDATA[Deleting all delete Button]]>
    </line>
    <line>
      <![CDATA[Browser is closing]]>
    </line>
    <line>
      <![CDATA[Browser is opening]]>
    </line>
    <line>
      <![CDATA[login test started]]>
    </line>
    <line>
      <![CDATA[chrome]]>
    </line>
    <line>
      <![CDATA[Initializing PerformancePage]]>
    </line>
    <line>
      <![CDATA[Browser is closing]]>
    </line>
    <line>
      <![CDATA[Start Inserting Values for BasicAuth]]>
    </line>
    <line>
      <![CDATA[Browser is opening]]>
    </line>
    <line>
      <![CDATA[login test started]]>
    </line>
    <line>
      <![CDATA[chrome]]>
    </line>
    <line>
      <![CDATA[Initializing Basic auth]]>
    </line>
    <line>
      <![CDATA[Navigating with Basic Auth credentials]]>
    </line>
    <line>
      <![CDATA[Validating success message]]>
    </line>
    <line>
      <![CDATA[Browser is closing]]>
    </line>
    <line>
      <![CDATA[Browser is opening]]>
    </line>
    <line>
      <![CDATA[login test started]]>
    </line>
    <line>
      <![CDATA[chrome]]>
    </line>
    <line>
      <![CDATA[Initializing Basic auth]]>
    </line>
    <line>
      <![CDATA[Navigating with Basic Auth credentials]]>
    </line>
    <line>
      <![CDATA[Browser is closing]]>
    </line>
    <line>
      <![CDATA[Browser is opening]]>
    </line>
    <line>
      <![CDATA[login test started]]>
    </line>
    <line>
      <![CDATA[chrome]]>
    </line>
    <line>
      <![CDATA[Initializing Basic auth]]>
    </line>
    <line>
      <![CDATA[Navigating with Basic Auth credentials]]>
    </line>
    <line>
      <![CDATA[Browser is closing]]>
    </line>
    <line>
      <![CDATA[Browser is opening]]>
    </line>
    <line>
      <![CDATA[login test started]]>
    </line>
    <line>
      <![CDATA[chrome]]>
    </line>
    <line>
      <![CDATA[Initializing Basic auth]]>
    </line>
    <line>
      <![CDATA[Navigating with Basic Auth credentials]]>
    </line>
    <line>
      <![CDATA[Browser is closing]]>
    </line>
    <line>
      <![CDATA[Browser is opening]]>
    </line>
    <line>
      <![CDATA[login test started]]>
    </line>
    <line>
      <![CDATA[chrome]]>
    </line>
    <line>
      <![CDATA[Initializing PerformancePage]]>
    </line>
    <line>
      <![CDATA[Browser is closing]]>
    </line>
    <line>
      <![CDATA[Browser is opening]]>
    </line>
    <line>
      <![CDATA[login test started]]>
    </line>
    <line>
      <![CDATA[chrome]]>
    </line>
    <line>
      <![CDATA[Initialization of Broken Image Test]]>
    </line>
    <line>
      <![CDATA[Checking the Broken state of the images]]>
    </line>
    <line>
      <![CDATA[Checking the Broken state of the images]]>
    </line>
    <line>
      <![CDATA[Browser is closing]]>
    </line>
    <line>
      <![CDATA[Browser is opening]]>
    </line>
    <line>
      <![CDATA[login test started]]>
    </line>
    <line>
      <![CDATA[chrome]]>
    </line>
    <line>
      <![CDATA[Initializing PerformancePage]]>
    </line>
    <line>
      <![CDATA[Browser is closing]]>
    </line>
    <line>
      <![CDATA[Browser is opening]]>
    </line>
    <line>
      <![CDATA[login test started]]>
    </line>
    <line>
      <![CDATA[chrome]]>
    </line>
    <line>
      <![CDATA[Initialization of CheckBox Method]]>
    </line>
    <line>
      <![CDATA[Selecting checkBox at index : 0]]>
    </line>
    <line>
      <![CDATA[CheckBox is selected at Index: 0]]>
    </line>
    <line>
      <![CDATA[Browser is closing]]>
    </line>
    <line>
      <![CDATA[Browser is opening]]>
    </line>
    <line>
      <![CDATA[login test started]]>
    </line>
    <line>
      <![CDATA[chrome]]>
    </line>
    <line>
      <![CDATA[Initializing PerformancePage]]>
    </line>
    <line>
      <![CDATA[Browser is closing]]>
    </line>
    <line>
      <![CDATA[Browser is opening]]>
    </line>
    <line>
      <![CDATA[login test started]]>
    </line>
    <line>
      <![CDATA[chrome]]>
    </line>
    <line>
      <![CDATA[Initialization of the ContextMenuPage]]>
    </line>
    <line>
      <![CDATA[Performing right click on the contextMenu]]>
    </line>
    <line>
      <![CDATA[Started Handling the alert text]]>
    </line>
    <line>
      <![CDATA[Browser is closing]]>
    </line>
    <line>
      <![CDATA[Browser is opening]]>
    </line>
    <line>
      <![CDATA[login test started]]>
    </line>
    <line>
      <![CDATA[chrome]]>
    </line>
    <line>
      <![CDATA[Initializing DragDropPage]]>
    </line>
    <line>
      <![CDATA[Performing Drag and Drop A to B]]>
    </line>
    <line>
      <![CDATA[Browser is closing]]>
    </line>
    <line>
      <![CDATA[Browser is opening]]>
    </line>
    <line>
      <![CDATA[login test started]]>
    </line>
    <line>
      <![CDATA[chrome]]>
    </line>
    <line>
      <![CDATA[Initialization of Drop-Down Page]]>
    </line>
    <line>
      <![CDATA[Selecting the option from drop down]]>
    </line>
    <line>
      <![CDATA[Selecting the option from drop down]]>
    </line>
    <line>
      <![CDATA[Browser is closing]]>
    </line>
    <line>
      <![CDATA[Browser is opening]]>
    </line>
    <line>
      <![CDATA[login test started]]>
    </line>
    <line>
      <![CDATA[chrome]]>
    </line>
    <line>
      <![CDATA[Initializing PerformancePage]]>
    </line>
    <line>
      <![CDATA[Browser is closing]]>
    </line>
    <line>
      <![CDATA[Browser is opening]]>
    </line>
    <line>
      <![CDATA[login test started]]>
    </line>
    <line>
      <![CDATA[chrome]]>
    </line>
    <line>
      <![CDATA[Initialization of Dynamic Control Page]]>
    </line>
    <line>
      <![CDATA[Started click on remove button]]>
    </line>
    <line>
      <![CDATA[Started click on add button]]>
    </line>
    <line>
      <![CDATA[Start clicking on Enabled Button]]>
    </line>
    <line>
      <![CDATA[Start clicking on Diabled button]]>
    </line>
    <line>
      <![CDATA[Browser is closing]]>
    </line>
    <line>
      <![CDATA[Browser is opening]]>
    </line>
    <line>
      <![CDATA[login test started]]>
    </line>
    <line>
      <![CDATA[chrome]]>
    </line>
    <line>
      <![CDATA[Initializing DynamicLoadingPage]]>
    </line>
    <line>
      <![CDATA[Clicking Start button]]>
    </line>
    <line>
      <![CDATA[Waiting for loading to finish]]>
    </line>
    <line>
      <![CDATA[Waiting for finish text]]>
    </line>
    <line>
      <![CDATA[Browser is closing]]>
    </line>
    <line>
      <![CDATA[Browser is opening]]>
    </line>
    <line>
      <![CDATA[login test started]]>
    </line>
    <line>
      <![CDATA[firefox]]>
    </line>
    <line>
      <![CDATA[Initializing EntryAdPage]]>
    </line>
    <line>
      <![CDATA[Waiting for modal popup]]>
    </line>
    <line>
      <![CDATA[Closing modal popup]]>
    </line>
    <line>
      <![CDATA[Checking if modal popup is closed]]>
    </line>
    <line>
      <![CDATA[Browser is closing]]>
    </line>
    <line>
      <![CDATA[Browser is opening]]>
    </line>
    <line>
      <![CDATA[login test started]]>
    </line>
    <line>
      <![CDATA[firefox]]>
    </line>
    <line>
      <![CDATA[Initializing TyposPage]]>
    </line>
    <line>
      <![CDATA[Browser is closing]]>
    </line>
    <line>
      <![CDATA[Browser is opening]]>
    </line>
    <line>
      <![CDATA[login test started]]>
    </line>
    <line>
      <![CDATA[firefox]]>
    </line>
    <line>
      <![CDATA[Initializing FileUploadPage]]>
    </line>
    <line>
      <![CDATA[Uploading file: C:\Projects\Sample.txt.txt]]>
    </line>
    <line>
      <![CDATA[Clicking Upload button]]>
    </line>
    <line>
      <![CDATA[Uploaded file name: Sample.txt.txt]]>
    </line>
    <line>
      <![CDATA[Browser is closing]]>
    </line>
    <line>
      <![CDATA[Browser is opening]]>
    </line>
    <line>
      <![CDATA[login test started]]>
    </line>
    <line>
      <![CDATA[firefox]]>
    </line>
    <line>
      <![CDATA[Initializing PerformancePage]]>
    </line>
    <line>
      <![CDATA[Browser is closing]]>
    </line>
    <line>
      <![CDATA[Browser is opening]]>
    </line>
    <line>
      <![CDATA[login test started]]>
    </line>
    <line>
      <![CDATA[firefox]]>
    </line>
    <line>
      <![CDATA[Initializing FileDownloadPage]]>
    </line>
    <line>
      <![CDATA[Download link: https://the-internet.herokuapp.com/download/some-file.txt]]>
    </line>
    <line>
      <![CDATA[Clicking file download link]]>
    </line>
    <line>
      <![CDATA[Browser is closing]]>
    </line>
    <line>
      <![CDATA[Browser is opening]]>
    </line>
    <line>
      <![CDATA[login test started]]>
    </line>
    <line>
      <![CDATA[firefox]]>
    </line>
    <line>
      <![CDATA[Initializing PerformancePage]]>
    </line>
    <line>
      <![CDATA[Browser is closing]]>
    </line>
    <line>
      <![CDATA[Browser is opening]]>
    </line>
    <line>
      <![CDATA[login test started]]>
    </line>
    <line>
      <![CDATA[firefox]]>
    </line>
    <line>
      <![CDATA[Initializing FloatingMenuPage]]>
    </line>
    <line>
      <![CDATA[Scrolling page by: 800]]>
    </line>
    <line>
      <![CDATA[Checking if floating menu is displayed]]>
    </line>
    <line>
      <![CDATA[Scrolling page by: -800]]>
    </line>
    <line>
      <![CDATA[Checking if floating menu is displayed]]>
    </line>
    <line>
      <![CDATA[Browser is closing]]>
    </line>
    <line>
      <![CDATA[Starting Inserting values for Login Form]]>
    </line>
    <line>
      <![CDATA[Browser is opening]]>
    </line>
    <line>
      <![CDATA[login test started]]>
    </line>
    <line>
      <![CDATA[firefox]]>
    </line>
    <line>
      <![CDATA[Initialization of LoginForm Page Authentication]]>
    </line>
    <line>
      <![CDATA[Browser is closing]]>
    </line>
    <line>
      <![CDATA[Browser is opening]]>
    </line>
    <line>
      <![CDATA[login test started]]>
    </line>
    <line>
      <![CDATA[firefox]]>
    </line>
    <line>
      <![CDATA[Initialization of LoginForm Page Authentication]]>
    </line>
    <line>
      <![CDATA[Browser is closing]]>
    </line>
    <line>
      <![CDATA[Browser is opening]]>
    </line>
    <line>
      <![CDATA[login test started]]>
    </line>
    <line>
      <![CDATA[firefox]]>
    </line>
    <line>
      <![CDATA[Initialization of LoginForm Page Authentication]]>
    </line>
    <line>
      <![CDATA[Browser is closing]]>
    </line>
    <line>
      <![CDATA[Browser is opening]]>
    </line>
    <line>
      <![CDATA[login test started]]>
    </line>
    <line>
      <![CDATA[firefox]]>
    </line>
    <line>
      <![CDATA[Initialization of LoginForm Page Authentication]]>
    </line>
    <line>
      <![CDATA[Browser is closing]]>
    </line>
    <line>
      <![CDATA[Browser is opening]]>
    </line>
    <line>
      <![CDATA[login test started]]>
    </line>
    <line>
      <![CDATA[firefox]]>
    </line>
    <line>
      <![CDATA[Initializing HorizontalSliderPage]]>
    </line>
    <line>
      <![CDATA[Moving slider to value (via Actions): 5]]>
    </line>
    <line>
      <![CDATA[Moved slider using Actions successfully]]>
    </line>
    <line>
      <![CDATA[Browser is closing]]>
    </line>
    <line>
      <![CDATA[Browser is opening]]>
    </line>
    <line>
      <![CDATA[login test started]]>
    </line>
    <line>
      <![CDATA[firefox]]>
    </line>
    <line>
      <![CDATA[Initializing HoversPage]]>
    </line>
    <line>
      <![CDATA[Hovering over user index: 0]]>
    </line>
    <line>
      <![CDATA[Hovering over user index: 1]]>
    </line>
    <line>
      <![CDATA[Hovering over user index: 2]]>
    </line>
    <line>
      <![CDATA[Browser is closing]]>
    </line>
    <line>
      <![CDATA[Browser is opening]]>
    </line>
    <line>
      <![CDATA[login test started]]>
    </line>
    <line>
      <![CDATA[firefox]]>
    </line>
    <line>
      <![CDATA[Initializing PerformancePage]]>
    </line>
    <line>
      <![CDATA[Browser is closing]]>
    </line>
    <line>
      <![CDATA[Browser is opening]]>
    </line>
    <line>
      <![CDATA[login test started]]>
    </line>
    <line>
      <![CDATA[firefox]]>
    </line>
    <line>
      <![CDATA[Initializing InfiniteScrollPage]]>
    </line>
    <line>
      <![CDATA[Scrolling down the page]]>
    </line>
    <line>
      <![CDATA[Scrolling down the page]]>
    </line>
    <line>
      <![CDATA[Scrolling down the page]]>
    </line>
    <line>
      <![CDATA[Scrolling down the page]]>
    </line>
    <line>
      <![CDATA[Browser is closing]]>
    </line>
    <line>
      <![CDATA[Browser is opening]]>
    </line>
    <line>
      <![CDATA[login test started]]>
    </line>
    <line>
      <![CDATA[firefox]]>
    </line>
    <line>
      <![CDATA[Initializing PerformancePage]]>
    </line>
    <line>
      <![CDATA[Browser is closing]]>
    </line>
    <line>
      <![CDATA[Starting providing different code to the page]]>
    </line>
    <line>
      <![CDATA[Browser is opening]]>
    </line>
    <line>
      <![CDATA[login test started]]>
    </line>
    <line>
      <![CDATA[firefox]]>
    </line>
    <line>
      <![CDATA[Initializing StatusCodesPage]]>
    </line>
    <line>
      <![CDATA[Clicking Status Code: 200]]>
    </line>
    <line>
      <![CDATA[Browser is closing]]>
    </line>
    <line>
      <![CDATA[Browser is opening]]>
    </line>
    <line>
      <![CDATA[login test started]]>
    </line>
    <line>
      <![CDATA[firefox]]>
    </line>
    <line>
      <![CDATA[Initializing StatusCodesPage]]>
    </line>
    <line>
      <![CDATA[Clicking Status Code: 301]]>
    </line>
    <line>
      <![CDATA[Browser is closing]]>
    </line>
    <line>
      <![CDATA[Browser is opening]]>
    </line>
    <line>
      <![CDATA[login test started]]>
    </line>
    <line>
      <![CDATA[firefox]]>
    </line>
    <line>
      <![CDATA[Initializing StatusCodesPage]]>
    </line>
    <line>
      <![CDATA[Clicking Status Code: 404]]>
    </line>
    <line>
      <![CDATA[Browser is closing]]>
    </line>
    <line>
      <![CDATA[Browser is opening]]>
    </line>
    <line>
      <![CDATA[login test started]]>
    </line>
    <line>
      <![CDATA[firefox]]>
    </line>
    <line>
      <![CDATA[Initializing StatusCodesPage]]>
    </line>
    <line>
      <![CDATA[Clicking Status Code: 500]]>
    </line>
    <line>
      <![CDATA[Browser is closing]]>
    </line>
  </reporter-output>
  <suite started-at="2026-02-08T20:18:36 IST" name="herokuapp Suite" finished-at="2026-02-08T20:26:50 IST" duration-ms="494098">
    <groups>
    </groups>
    <test started-at="2026-02-08T20:18:36 IST" name="heroku chrome test" finished-at="2026-02-08T20:21:21 IST" duration-ms="165290">
      <class name="com.milestone.four.herokuapp.pagestest.FT06_ContextMenuTest">
        <test-method is-config="true" signature="beforeClass()[pri:0, instance:com.milestone.four.herokuapp.pagestest.FT06_ContextMenuTest@773ccdb7]" started-at="2026-02-08T20:20:12 IST" name="beforeClass" finished-at="2026-02-08T20:20:12 IST" duration-ms="0" status="PASS">
          <reporter-output>
          </reporter-output>
        </test-method> <!-- beforeClass -->
        <test-method is-config="true" signature="beforeMethod(java.lang.String)[pri:0, instance:com.milestone.four.herokuapp.pagestest.FT06_ContextMenuTest@773ccdb7]" started-at="2026-02-08T20:20:12 IST" name="beforeMethod" finished-at="2026-02-08T20:20:17 IST" duration-ms="5178" status="PASS">
          <params>
            <param index="0">
              <value>
                <![CDATA[chrome]]>
              </value>
            </param>
          </params>
          <reporter-output>
            <line>
              <![CDATA[Browser is opening]]>
            </line>
            <line>
              <![CDATA[login test started]]>
            </line>
            <line>
              <![CDATA[chrome]]>
            </line>
          </reporter-output>
        </test-method> <!-- beforeMethod -->
        <test-method signature="verifyContextMenuAlert()[pri:0, instance:com.milestone.four.herokuapp.pagestest.FT06_ContextMenuTest@773ccdb7]" started-at="2026-02-08T20:20:17 IST" name="verifyContextMenuAlert" finished-at="2026-02-08T20:20:18 IST" duration-ms="755" status="PASS">
          <reporter-output>
            <line>
              <![CDATA[Initialization of the ContextMenuPage]]>
            </line>
            <line>
              <![CDATA[Performing right click on the contextMenu]]>
            </line>
            <line>
              <![CDATA[Started Handling the alert text]]>
            </line>
          </reporter-output>
        </test-method> <!-- verifyContextMenuAlert -->
        <test-method is-config="true" signature="afterMethod()[pri:0, instance:com.milestone.four.herokuapp.pagestest.FT06_ContextMenuTest@773ccdb7]" started-at="2026-02-08T20:20:19 IST" name="afterMethod" finished-at="2026-02-08T20:20:19 IST" duration-ms="242" status="PASS">
          <reporter-output>
            <line>
              <![CDATA[Browser is closing]]>
            </line>
          </reporter-output>
        </test-method> <!-- afterMethod -->
        <test-method is-config="true" signature="afterClass()[pri:0, instance:com.milestone.four.herokuapp.pagestest.FT06_ContextMenuTest@773ccdb7]" started-at="2026-02-08T20:20:19 IST" name="afterClass" finished-at="2026-02-08T20:20:19 IST" duration-ms="0" status="PASS">
          <reporter-output>
          </reporter-output>
        </test-method> <!-- afterClass -->
      </class> <!-- com.milestone.four.herokuapp.pagestest.FT06_ContextMenuTest -->
      <class name="com.milestone.four.herokuapp.pagestest.FT05_CheckBoxTest">
        <test-method is-config="true" signature="beforeClass()[pri:0, instance:com.milestone.four.herokuapp.pagestest.FT05_CheckBoxTest@394c3928]" started-at="2026-02-08T20:20:01 IST" name="beforeClass" finished-at="2026-02-08T20:20:01 IST" duration-ms="0" status="PASS">
          <reporter-output>
          </reporter-output>
        </test-method> <!-- beforeClass -->
        <test-method is-config="true" signature="beforeMethod(java.lang.String)[pri:0, instance:com.milestone.four.herokuapp.pagestest.FT05_CheckBoxTest@394c3928]" started-at="2026-02-08T20:20:01 IST" name="beforeMethod" finished-at="2026-02-08T20:20:06 IST" duration-ms="4970" status="PASS">
          <params>
            <param index="0">
              <value>
                <![CDATA[chrome]]>
              </value>
            </param>
          </params>
          <reporter-output>
            <line>
              <![CDATA[Browser is opening]]>
            </line>
            <line>
              <![CDATA[login test started]]>
            </line>
            <line>
              <![CDATA[chrome]]>
            </line>
          </reporter-output>
        </test-method> <!-- beforeMethod -->
        <test-method signature="verifyCheckBoxes()[pri:0, instance:com.milestone.four.herokuapp.pagestest.FT05_CheckBoxTest@394c3928]" started-at="2026-02-08T20:20:06 IST" name="verifyCheckBoxes" finished-at="2026-02-08T20:20:06 IST" duration-ms="714" status="PASS">
          <reporter-output>
            <line>
              <![CDATA[Initialization of CheckBox Method]]>
            </line>
            <line>
              <![CDATA[Selecting checkBox at index : 0]]>
            </line>
            <line>
              <![CDATA[CheckBox is selected at Index: 0]]>
            </line>
          </reporter-output>
        </test-method> <!-- verifyCheckBoxes -->
        <test-method is-config="true" signature="afterMethod()[pri:0, instance:com.milestone.four.herokuapp.pagestest.FT05_CheckBoxTest@394c3928]" started-at="2026-02-08T20:20:06 IST" name="afterMethod" finished-at="2026-02-08T20:20:07 IST" duration-ms="236" status="PASS">
          <reporter-output>
            <line>
              <![CDATA[Browser is closing]]>
            </line>
          </reporter-output>
        </test-method> <!-- afterMethod -->
        <test-method is-config="true" signature="beforeMethod(java.lang.String)[pri:0, instance:com.milestone.four.herokuapp.pagestest.FT05_CheckBoxTest@394c3928]" started-at="2026-02-08T20:20:07 IST" name="beforeMethod" finished-at="2026-02-08T20:20:12 IST" duration-ms="4843" status="PASS">
          <params>
            <param index="0">
              <value>
                <![CDATA[chrome]]>
              </value>
            </param>
          </params>
          <reporter-output>
            <line>
              <![CDATA[Browser is opening]]>
            </line>
            <line>
              <![CDATA[login test started]]>
            </line>
            <line>
              <![CDATA[chrome]]>
            </line>
          </reporter-output>
        </test-method> <!-- beforeMethod -->
        <test-method signature="verifyPageLoadsUnder3Seconds()[pri:0, instance:com.milestone.four.herokuapp.pagestest.FT05_CheckBoxTest@394c3928]" started-at="2026-02-08T20:20:12 IST" name="verifyPageLoadsUnder3Seconds" finished-at="2026-02-08T20:20:12 IST" duration-ms="392" status="PASS">
          <reporter-output>
            <line>
              <![CDATA[Initializing PerformancePage]]>
            </line>
          </reporter-output>
        </test-method> <!-- verifyPageLoadsUnder3Seconds -->
        <test-method is-config="true" signature="afterMethod()[pri:0, instance:com.milestone.four.herokuapp.pagestest.FT05_CheckBoxTest@394c3928]" started-at="2026-02-08T20:20:12 IST" name="afterMethod" finished-at="2026-02-08T20:20:12 IST" duration-ms="216" status="PASS">
          <reporter-output>
            <line>
              <![CDATA[Browser is closing]]>
            </line>
          </reporter-output>
        </test-method> <!-- afterMethod -->
        <test-method is-config="true" signature="afterClass()[pri:0, instance:com.milestone.four.herokuapp.pagestest.FT05_CheckBoxTest@394c3928]" started-at="2026-02-08T20:20:12 IST" name="afterClass" finished-at="2026-02-08T20:20:12 IST" duration-ms="0" status="PASS">
          <reporter-output>
          </reporter-output>
        </test-method> <!-- afterClass -->
      </class> <!-- com.milestone.four.herokuapp.pagestest.FT05_CheckBoxTest -->
      <class name="com.milestone.four.herokuapp.pagestest.FT03_BasicAuthTest">
        <test-method is-config="true" signature="beforeClass()[pri:0, instance:com.milestone.four.herokuapp.pagestest.FT03_BasicAuthTest@313357f1]" started-at="2026-02-08T20:19:16 IST" name="beforeClass" finished-at="2026-02-08T20:19:16 IST" duration-ms="0" status="PASS">
          <reporter-output>
          </reporter-output>
        </test-method> <!-- beforeClass -->
        <test-method is-config="true" signature="beforeMethod(java.lang.String)[pri:0, instance:com.milestone.four.herokuapp.pagestest.FT03_BasicAuthTest@313357f1]" started-at="2026-02-08T20:19:16 IST" name="beforeMethod" finished-at="2026-02-08T20:19:20 IST" duration-ms="4969" status="PASS">
          <params>
            <param index="0">
              <value>
                <![CDATA[chrome]]>
              </value>
            </param>
          </params>
          <reporter-output>
            <line>
              <![CDATA[Browser is opening]]>
            </line>
            <line>
              <![CDATA[login test started]]>
            </line>
            <line>
              <![CDATA[chrome]]>
            </line>
          </reporter-output>
        </test-method> <!-- beforeMethod -->
        <test-method signature="verifyBasicAuth(java.lang.String,java.lang.String,boolean)[pri:0, instance:com.milestone.four.herokuapp.pagestest.FT03_BasicAuthTest@313357f1]" started-at="2026-02-08T20:19:20 IST" name="verifyBasicAuth" data-provider="BasicAuthData" finished-at="2026-02-08T20:19:22 IST" duration-ms="1471" status="PASS">
          <params>
            <param index="0">
              <value>
                <![CDATA[admin]]>
              </value>
            </param>
            <param index="1">
              <value>
                <![CDATA[admin]]>
              </value>
            </param>
            <param index="2">
              <value>
                <![CDATA[true]]>
              </value>
            </param>
          </params>
          <reporter-output>
            <line>
              <![CDATA[Initializing Basic auth]]>
            </line>
            <line>
              <![CDATA[Navigating with Basic Auth credentials]]>
            </line>
            <line>
              <![CDATA[Validating success message]]>
            </line>
          </reporter-output>
        </test-method> <!-- verifyBasicAuth -->
        <test-method is-config="true" signature="afterMethod()[pri:0, instance:com.milestone.four.herokuapp.pagestest.FT03_BasicAuthTest@313357f1]" started-at="2026-02-08T20:19:22 IST" name="afterMethod" finished-at="2026-02-08T20:19:22 IST" duration-ms="233" status="PASS">
          <reporter-output>
            <line>
              <![CDATA[Browser is closing]]>
            </line>
          </reporter-output>
        </test-method> <!-- afterMethod -->
        <test-method is-config="true" signature="beforeMethod(java.lang.String)[pri:0, instance:com.milestone.four.herokuapp.pagestest.FT03_BasicAuthTest@313357f1]" started-at="2026-02-08T20:19:22 IST" name="beforeMethod" finished-at="2026-02-08T20:19:28 IST" duration-ms="5244" status="PASS">
          <params>
            <param index="0">
              <value>
                <![CDATA[chrome]]>
              </value>
            </param>
          </params>
          <reporter-output>
            <line>
              <![CDATA[Browser is opening]]>
            </line>
            <line>
              <![CDATA[login test started]]>
            </line>
            <line>
              <![CDATA[chrome]]>
            </line>
          </reporter-output>
        </test-method> <!-- beforeMethod -->
        <test-method signature="verifyBasicAuth(java.lang.String,java.lang.String,boolean)[pri:0, instance:com.milestone.four.herokuapp.pagestest.FT03_BasicAuthTest@313357f1]" started-at="2026-02-08T20:19:28 IST" name="verifyBasicAuth" data-provider="BasicAuthData" finished-at="2026-02-08T20:19:29 IST" duration-ms="1231" status="PASS">
          <params>
            <param index="0">
              <value>
                <![CDATA[wrong]]>
              </value>
            </param>
            <param index="1">
              <value>
                <![CDATA[admin]]>
              </value>
            </param>
            <param index="2">
              <value>
                <![CDATA[false]]>
              </value>
            </param>
          </params>
          <reporter-output>
            <line>
              <![CDATA[Initializing Basic auth]]>
            </line>
            <line>
              <![CDATA[Navigating with Basic Auth credentials]]>
            </line>
          </reporter-output>
        </test-method> <!-- verifyBasicAuth -->
        <test-method is-config="true" signature="afterMethod()[pri:0, instance:com.milestone.four.herokuapp.pagestest.FT03_BasicAuthTest@313357f1]" started-at="2026-02-08T20:19:29 IST" name="afterMethod" finished-at="2026-02-08T20:19:29 IST" duration-ms="237" status="PASS">
          <reporter-output>
            <line>
              <![CDATA[Browser is closing]]>
            </line>
          </reporter-output>
        </test-method> <!-- afterMethod -->
        <test-method is-config="true" signature="beforeMethod(java.lang.String)[pri:0, instance:com.milestone.four.herokuapp.pagestest.FT03_BasicAuthTest@313357f1]" started-at="2026-02-08T20:19:29 IST" name="beforeMethod" finished-at="2026-02-08T20:19:34 IST" duration-ms="5061" status="PASS">
          <params>
            <param index="0">
              <value>
                <![CDATA[chrome]]>
              </value>
            </param>
          </params>
          <reporter-output>
            <line>
              <![CDATA[Browser is opening]]>
            </line>
            <line>
              <![CDATA[login test started]]>
            </line>
            <line>
              <![CDATA[chrome]]>
            </line>
          </reporter-output>
        </test-method> <!-- beforeMethod -->
        <test-method signature="verifyBasicAuth(java.lang.String,java.lang.String,boolean)[pri:0, instance:com.milestone.four.herokuapp.pagestest.FT03_BasicAuthTest@313357f1]" started-at="2026-02-08T20:19:34 IST" name="verifyBasicAuth" data-provider="BasicAuthData" finished-at="2026-02-08T20:19:36 IST" duration-ms="1327" status="PASS">
          <params>
            <param index="0">
              <value>
                <![CDATA[admin]]>
              </value>
            </param>
            <param index="1">
              <value>
                <![CDATA[wrong]]>
              </value>
            </param>
            <param index="2">
              <value>
                <![CDATA[false]]>
              </value>
            </param>
          </params>
          <reporter-output>
            <line>
              <![CDATA[Initializing Basic auth]]>
            </line>
            <line>
              <![CDATA[Navigating with Basic Auth credentials]]>
            </line>
          </reporter-output>
        </test-method> <!-- verifyBasicAuth -->
        <test-method is-config="true" signature="afterMethod()[pri:0, instance:com.milestone.four.herokuapp.pagestest.FT03_BasicAuthTest@313357f1]" started-at="2026-02-08T20:19:36 IST" name="afterMethod" finished-at="2026-02-08T20:19:36 IST" duration-ms="217" status="PASS">
          <reporter-output>
            <line>
              <![CDATA[Browser is closing]]>
            </line>
          </reporter-output>
        </test-method> <!-- afterMethod -->
        <test-method is-config="true" signature="beforeMethod(java.lang.String)[pri:0, instance:com.milestone.four.herokuapp.pagestest.FT03_BasicAuthTest@313357f1]" started-at="2026-02-08T20:19:36 IST" name="beforeMethod" finished-at="2026-02-08T20:19:41 IST" duration-ms="4950" status="PASS">
          <params>
            <param index="0">
              <value>
                <![CDATA[chrome]]>
              </value>
            </param>
          </params>
          <reporter-output>
            <line>
              <![CDATA[Browser is opening]]>
            </line>
            <line>
              <![CDATA[login test started]]>
            </line>
            <line>
              <![CDATA[chrome]]>
            </line>
          </reporter-output>
        </test-method> <!-- beforeMethod -->
        <test-method signature="verifyBasicAuth(java.lang.String,java.lang.String,boolean)[pri:0, instance:com.milestone.four.herokuapp.pagestest.FT03_BasicAuthTest@313357f1]" started-at="2026-02-08T20:19:41 IST" name="verifyBasicAuth" data-provider="BasicAuthData" finished-at="2026-02-08T20:19:42 IST" duration-ms="1249" status="PASS">
          <params>
            <param index="0">
              <value>
                <![CDATA[user]]>
              </value>
            </param>
            <param index="1">
              <value>
                <![CDATA[pass]]>
              </value>
            </param>
            <param index="2">
              <value>
                <![CDATA[false]]>
              </value>
            </param>
          </params>
          <reporter-output>
            <line>
              <![CDATA[Initializing Basic auth]]>
            </line>
            <line>
              <![CDATA[Navigating with Basic Auth credentials]]>
            </line>
          </reporter-output>
        </test-method> <!-- verifyBasicAuth -->
        <test-method is-config="true" signature="afterMethod()[pri:0, instance:com.milestone.four.herokuapp.pagestest.FT03_BasicAuthTest@313357f1]" started-at="2026-02-08T20:19:42 IST" name="afterMethod" finished-at="2026-02-08T20:19:43 IST" duration-ms="228" status="PASS">
          <reporter-output>
            <line>
              <![CDATA[Browser is closing]]>
            </line>
          </reporter-output>
        </test-method> <!-- afterMethod -->
        <test-method is-config="true" signature="beforeMethod(java.lang.String)[pri:0, instance:com.milestone.four.herokuapp.pagestest.FT03_BasicAuthTest@313357f1]" started-at="2026-02-08T20:19:43 IST" name="beforeMethod" finished-at="2026-02-08T20:19:47 IST" duration-ms="4605" status="PASS">
          <params>
            <param index="0">
              <value>
                <![CDATA[chrome]]>
              </value>
            </param>
          </params>
          <reporter-output>
            <line>
              <![CDATA[Browser is opening]]>
            </line>
            <line>
              <![CDATA[login test started]]>
            </line>
            <line>
              <![CDATA[chrome]]>
            </line>
          </reporter-output>
        </test-method> <!-- beforeMethod -->
        <test-method signature="verifyPageLoadsUnder3Seconds()[pri:0, instance:com.milestone.four.herokuapp.pagestest.FT03_BasicAuthTest@313357f1]" started-at="2026-02-08T20:19:47 IST" name="verifyPageLoadsUnder3Seconds" finished-at="2026-02-08T20:19:48 IST" duration-ms="390" status="PASS">
          <reporter-output>
            <line>
              <![CDATA[Initializing PerformancePage]]>
            </line>
          </reporter-output>
        </test-method> <!-- verifyPageLoadsUnder3Seconds -->
        <test-method is-config="true" signature="afterMethod()[pri:0, instance:com.milestone.four.herokuapp.pagestest.FT03_BasicAuthTest@313357f1]" started-at="2026-02-08T20:19:48 IST" name="afterMethod" finished-at="2026-02-08T20:19:48 IST" duration-ms="222" status="PASS">
          <reporter-output>
            <line>
              <![CDATA[Browser is closing]]>
            </line>
          </reporter-output>
        </test-method> <!-- afterMethod -->
        <test-method is-config="true" signature="afterClass()[pri:0, instance:com.milestone.four.herokuapp.pagestest.FT03_BasicAuthTest@313357f1]" started-at="2026-02-08T20:19:48 IST" name="afterClass" finished-at="2026-02-08T20:19:48 IST" duration-ms="0" status="PASS">
          <reporter-output>
          </reporter-output>
        </test-method> <!-- afterClass -->
      </class> <!-- com.milestone.four.herokuapp.pagestest.FT03_BasicAuthTest -->
      <class name="com.milestone.four.herokuapp.pagestest.FT07_DragDropTest">
        <test-method is-config="true" signature="beforeClass()[pri:0, instance:com.milestone.four.herokuapp.pagestest.FT07_DragDropTest@5c9b807e]" started-at="2026-02-08T20:20:19 IST" name="beforeClass" finished-at="2026-02-08T20:20:19 IST" duration-ms="1" status="PASS">
          <reporter-output>
          </reporter-output>
        </test-method> <!-- beforeClass -->
        <test-method is-config="true" signature="beforeMethod(java.lang.String)[pri:0, instance:com.milestone.four.herokuapp.pagestest.FT07_DragDropTest@5c9b807e]" started-at="2026-02-08T20:20:19 IST" name="beforeMethod" finished-at="2026-02-08T20:20:24 IST" duration-ms="4984" status="PASS">
          <params>
            <param index="0">
              <value>
                <![CDATA[chrome]]>
              </value>
            </param>
          </params>
          <reporter-output>
            <line>
              <![CDATA[Browser is opening]]>
            </line>
            <line>
              <![CDATA[login test started]]>
            </line>
            <line>
              <![CDATA[chrome]]>
            </line>
          </reporter-output>
        </test-method> <!-- beforeMethod -->
        <test-method signature="verifyDragAndDrop()[pri:0, instance:com.milestone.four.herokuapp.pagestest.FT07_DragDropTest@5c9b807e]" started-at="2026-02-08T20:20:24 IST" name="verifyDragAndDrop" finished-at="2026-02-08T20:20:25 IST" duration-ms="938" status="PASS">
          <reporter-output>
            <line>
              <![CDATA[Initializing DragDropPage]]>
            </line>
            <line>
              <![CDATA[Performing Drag and Drop A to B]]>
            </line>
          </reporter-output>
        </test-method> <!-- verifyDragAndDrop -->
        <test-method is-config="true" signature="afterMethod()[pri:0, instance:com.milestone.four.herokuapp.pagestest.FT07_DragDropTest@5c9b807e]" started-at="2026-02-08T20:20:25 IST" name="afterMethod" finished-at="2026-02-08T20:20:25 IST" duration-ms="238" status="PASS">
          <reporter-output>
            <line>
              <![CDATA[Browser is closing]]>
            </line>
          </reporter-output>
        </test-method> <!-- afterMethod -->
        <test-method is-config="true" signature="afterClass()[pri:0, instance:com.milestone.four.herokuapp.pagestest.FT07_DragDropTest@5c9b807e]" started-at="2026-02-08T20:20:25 IST" name="afterClass" finished-at="2026-02-08T20:20:25 IST" duration-ms="0" status="PASS">
          <reporter-output>
          </reporter-output>
        </test-method> <!-- afterClass -->
      </class> <!-- com.milestone.four.herokuapp.pagestest.FT07_DragDropTest -->
      <class name="com.milestone.four.herokuapp.pagestest.FT04_BrokenImageTest">
        <test-method is-config="true" signature="beforeClass()[pri:0, instance:com.milestone.four.herokuapp.pagestest.FT04_BrokenImageTest@5e1911c9]" started-at="2026-02-08T20:19:48 IST" name="beforeClass" finished-at="2026-02-08T20:19:48 IST" duration-ms="0" status="PASS">
          <reporter-output>
          </reporter-output>
        </test-method> <!-- beforeClass -->
        <test-method is-config="true" signature="beforeMethod(java.lang.String)[pri:0, instance:com.milestone.four.herokuapp.pagestest.FT04_BrokenImageTest@5e1911c9]" started-at="2026-02-08T20:19:48 IST" name="beforeMethod" finished-at="2026-02-08T20:19:53 IST" duration-ms="4851" status="PASS">
          <params>
            <param index="0">
              <value>
                <![CDATA[chrome]]>
              </value>
            </param>
          </params>
          <reporter-output>
            <line>
              <![CDATA[Browser is opening]]>
            </line>
            <line>
              <![CDATA[login test started]]>
            </line>
            <line>
              <![CDATA[chrome]]>
            </line>
          </reporter-output>
        </test-method> <!-- beforeMethod -->
        <test-method signature="verifyBrokenImages()[pri:0, instance:com.milestone.four.herokuapp.pagestest.FT04_BrokenImageTest@5e1911c9]" started-at="2026-02-08T20:19:53 IST" name="verifyBrokenImages" finished-at="2026-02-08T20:19:54 IST" duration-ms="1023" status="PASS">
          <reporter-output>
            <line>
              <![CDATA[Initialization of Broken Image Test]]>
            </line>
            <line>
              <![CDATA[Checking the Broken state of the images]]>
            </line>
            <line>
              <![CDATA[Checking the Broken state of the images]]>
            </line>
          </reporter-output>
        </test-method> <!-- verifyBrokenImages -->
        <test-method is-config="true" signature="afterMethod()[pri:0, instance:com.milestone.four.herokuapp.pagestest.FT04_BrokenImageTest@5e1911c9]" started-at="2026-02-08T20:19:54 IST" name="afterMethod" finished-at="2026-02-08T20:19:54 IST" duration-ms="241" status="PASS">
          <reporter-output>
            <line>
              <![CDATA[Browser is closing]]>
            </line>
          </reporter-output>
        </test-method> <!-- afterMethod -->
        <test-method is-config="true" signature="beforeMethod(java.lang.String)[pri:0, instance:com.milestone.four.herokuapp.pagestest.FT04_BrokenImageTest@5e1911c9]" started-at="2026-02-08T20:19:54 IST" name="beforeMethod" finished-at="2026-02-08T20:19:59 IST" duration-ms="5220" status="PASS">
          <params>
            <param index="0">
              <value>
                <![CDATA[chrome]]>
              </value>
            </param>
          </params>
          <reporter-output>
            <line>
              <![CDATA[Browser is opening]]>
            </line>
            <line>
              <![CDATA[login test started]]>
            </line>
            <line>
              <![CDATA[chrome]]>
            </line>
          </reporter-output>
        </test-method> <!-- beforeMethod -->
        <test-method signature="verifyPageLoadsUnder3Seconds()[pri:0, instance:com.milestone.four.herokuapp.pagestest.FT04_BrokenImageTest@5e1911c9]" started-at="2026-02-08T20:19:59 IST" name="verifyPageLoadsUnder3Seconds" finished-at="2026-02-08T20:20:00 IST" duration-ms="720" status="PASS">
          <reporter-output>
            <line>
              <![CDATA[Initializing PerformancePage]]>
            </line>
          </reporter-output>
        </test-method> <!-- verifyPageLoadsUnder3Seconds -->
        <test-method is-config="true" signature="afterMethod()[pri:0, instance:com.milestone.four.herokuapp.pagestest.FT04_BrokenImageTest@5e1911c9]" started-at="2026-02-08T20:20:00 IST" name="afterMethod" finished-at="2026-02-08T20:20:01 IST" duration-ms="253" status="PASS">
          <reporter-output>
            <line>
              <![CDATA[Browser is closing]]>
            </line>
          </reporter-output>
        </test-method> <!-- afterMethod -->
        <test-method is-config="true" signature="afterClass()[pri:0, instance:com.milestone.four.herokuapp.pagestest.FT04_BrokenImageTest@5e1911c9]" started-at="2026-02-08T20:20:01 IST" name="afterClass" finished-at="2026-02-08T20:20:01 IST" duration-ms="0" status="PASS">
          <reporter-output>
          </reporter-output>
        </test-method> <!-- afterClass -->
      </class> <!-- com.milestone.four.herokuapp.pagestest.FT04_BrokenImageTest -->
      <class name="com.milestone.four.herokuapp.pagestest.FT08_DropDownTest">
        <test-method is-config="true" signature="beforeMethod(java.lang.String)[pri:0, instance:com.milestone.four.herokuapp.pagestest.FT08_DropDownTest@4a9a557d]" started-at="2026-02-08T20:20:25 IST" name="beforeMethod" finished-at="2026-02-08T20:20:30 IST" duration-ms="5137" status="PASS">
          <params>
            <param index="0">
              <value>
                <![CDATA[chrome]]>
              </value>
            </param>
          </params>
          <reporter-output>
            <line>
              <![CDATA[Browser is opening]]>
            </line>
            <line>
              <![CDATA[login test started]]>
            </line>
            <line>
              <![CDATA[chrome]]>
            </line>
          </reporter-output>
        </test-method> <!-- beforeMethod -->
        <test-method is-config="true" signature="beforeClass()[pri:0, instance:com.milestone.four.herokuapp.pagestest.FT08_DropDownTest@4a9a557d]" started-at="2026-02-08T20:20:25 IST" name="beforeClass" finished-at="2026-02-08T20:20:25 IST" duration-ms="0" status="PASS">
          <reporter-output>
          </reporter-output>
        </test-method> <!-- beforeClass -->
        <test-method signature="verifyDropDown()[pri:0, instance:com.milestone.four.herokuapp.pagestest.FT08_DropDownTest@4a9a557d]" started-at="2026-02-08T20:20:30 IST" name="verifyDropDown" finished-at="2026-02-08T20:20:31 IST" duration-ms="1127" status="PASS">
          <reporter-output>
            <line>
              <![CDATA[Initialization of Drop-Down Page]]>
            </line>
            <line>
              <![CDATA[Selecting the option from drop down]]>
            </line>
            <line>
              <![CDATA[Selecting the option from drop down]]>
            </line>
          </reporter-output>
        </test-method> <!-- verifyDropDown -->
        <test-method is-config="true" signature="afterMethod()[pri:0, instance:com.milestone.four.herokuapp.pagestest.FT08_DropDownTest@4a9a557d]" started-at="2026-02-08T20:20:32 IST" name="afterMethod" finished-at="2026-02-08T20:20:32 IST" duration-ms="215" status="PASS">
          <reporter-output>
            <line>
              <![CDATA[Browser is closing]]>
            </line>
          </reporter-output>
        </test-method> <!-- afterMethod -->
        <test-method is-config="true" signature="beforeMethod(java.lang.String)[pri:0, instance:com.milestone.four.herokuapp.pagestest.FT08_DropDownTest@4a9a557d]" started-at="2026-02-08T20:20:32 IST" name="beforeMethod" finished-at="2026-02-08T20:20:37 IST" duration-ms="5144" status="PASS">
          <params>
            <param index="0">
              <value>
                <![CDATA[chrome]]>
              </value>
            </param>
          </params>
          <reporter-output>
            <line>
              <![CDATA[Browser is opening]]>
            </line>
            <line>
              <![CDATA[login test started]]>
            </line>
            <line>
              <![CDATA[chrome]]>
            </line>
          </reporter-output>
        </test-method> <!-- beforeMethod -->
        <test-method signature="verifyPageLoadsUnder3Seconds()[pri:0, instance:com.milestone.four.herokuapp.pagestest.FT08_DropDownTest@4a9a557d]" started-at="2026-02-08T20:20:37 IST" name="verifyPageLoadsUnder3Seconds" finished-at="2026-02-08T20:20:37 IST" duration-ms="399" status="PASS">
          <reporter-output>
            <line>
              <![CDATA[Initializing PerformancePage]]>
            </line>
          </reporter-output>
        </test-method> <!-- verifyPageLoadsUnder3Seconds -->
        <test-method is-config="true" signature="afterMethod()[pri:0, instance:com.milestone.four.herokuapp.pagestest.FT08_DropDownTest@4a9a557d]" started-at="2026-02-08T20:20:38 IST" name="afterMethod" finished-at="2026-02-08T20:20:38 IST" duration-ms="239" status="PASS">
          <reporter-output>
            <line>
              <![CDATA[Browser is closing]]>
            </line>
          </reporter-output>
        </test-method> <!-- afterMethod -->
        <test-method is-config="true" signature="afterClass()[pri:0, instance:com.milestone.four.herokuapp.pagestest.FT08_DropDownTest@4a9a557d]" started-at="2026-02-08T20:20:38 IST" name="afterClass" finished-at="2026-02-08T20:20:38 IST" duration-ms="0" status="PASS">
          <reporter-output>
          </reporter-output>
        </test-method> <!-- afterClass -->
      </class> <!-- com.milestone.four.herokuapp.pagestest.FT08_DropDownTest -->
      <class name="com.milestone.four.herokuapp.pagestest.FT10_DynamicLoadingTest">
        <test-method is-config="true" signature="beforeClass()[pri:0, instance:com.milestone.four.herokuapp.pagestest.FT10_DynamicLoadingTest@30786f5]" started-at="2026-02-08T20:21:04 IST" name="beforeClass" finished-at="2026-02-08T20:21:04 IST" duration-ms="0" status="PASS">
          <reporter-output>
          </reporter-output>
        </test-method> <!-- beforeClass -->
        <test-method is-config="true" signature="beforeMethod(java.lang.String)[pri:0, instance:com.milestone.four.herokuapp.pagestest.FT10_DynamicLoadingTest@30786f5]" started-at="2026-02-08T20:21:04 IST" name="beforeMethod" finished-at="2026-02-08T20:21:14 IST" duration-ms="10478" status="PASS">
          <params>
            <param index="0">
              <value>
                <![CDATA[chrome]]>
              </value>
            </param>
          </params>
          <reporter-output>
            <line>
              <![CDATA[Browser is opening]]>
            </line>
            <line>
              <![CDATA[login test started]]>
            </line>
            <line>
              <![CDATA[chrome]]>
            </line>
          </reporter-output>
        </test-method> <!-- beforeMethod -->
        <test-method signature="verifyDynamicLoadingFlow()[pri:0, instance:com.milestone.four.herokuapp.pagestest.FT10_DynamicLoadingTest@30786f5]" started-at="2026-02-08T20:21:14 IST" name="verifyDynamicLoadingFlow" finished-at="2026-02-08T20:21:21 IST" duration-ms="6601" status="PASS">
          <reporter-output>
            <line>
              <![CDATA[Initializing DynamicLoadingPage]]>
            </line>
            <line>
              <![CDATA[Clicking Start button]]>
            </line>
            <line>
              <![CDATA[Waiting for loading to finish]]>
            </line>
            <line>
              <![CDATA[Waiting for finish text]]>
            </line>
          </reporter-output>
        </test-method> <!-- verifyDynamicLoadingFlow -->
        <test-method is-config="true" signature="afterMethod()[pri:0, instance:com.milestone.four.herokuapp.pagestest.FT10_DynamicLoadingTest@30786f5]" started-at="2026-02-08T20:21:21 IST" name="afterMethod" finished-at="2026-02-08T20:21:21 IST" duration-ms="233" status="PASS">
          <reporter-output>
            <line>
              <![CDATA[Browser is closing]]>
            </line>
          </reporter-output>
        </test-method> <!-- afterMethod -->
        <test-method is-config="true" signature="afterClass()[pri:0, instance:com.milestone.four.herokuapp.pagestest.FT10_DynamicLoadingTest@30786f5]" started-at="2026-02-08T20:21:21 IST" name="afterClass" finished-at="2026-02-08T20:21:21 IST" duration-ms="0" status="PASS">
          <reporter-output>
          </reporter-output>
        </test-method> <!-- afterClass -->
      </class> <!-- com.milestone.four.herokuapp.pagestest.FT10_DynamicLoadingTest -->
      <class name="com.milestone.four.herokuapp.pagestest.FT01_ABTestingTest">
        <test-method is-config="true" signature="beforeClass()[pri:0, instance:com.milestone.four.herokuapp.pagestest.FT01_ABTestingTest@3b7b8933]" started-at="2026-02-08T20:18:36 IST" name="beforeClass" finished-at="2026-02-08T20:18:36 IST" duration-ms="1" status="PASS">
          <reporter-output>
          </reporter-output>
        </test-method> <!-- beforeClass -->
        <test-method is-config="true" signature="beforeMethod(java.lang.String)[pri:0, instance:com.milestone.four.herokuapp.pagestest.FT01_ABTestingTest@3b7b8933]" started-at="2026-02-08T20:18:36 IST" name="beforeMethod" finished-at="2026-02-08T20:18:50 IST" duration-ms="14005" status="PASS">
          <params>
            <param index="0">
              <value>
                <![CDATA[chrome]]>
              </value>
            </param>
          </params>
          <reporter-output>
            <line>
              <![CDATA[Browser is opening]]>
            </line>
            <line>
              <![CDATA[login test started]]>
            </line>
            <line>
              <![CDATA[chrome]]>
            </line>
          </reporter-output>
        </test-method> <!-- beforeMethod -->
        <test-method signature="verifyHeadingText()[pri:0, instance:com.milestone.four.herokuapp.pagestest.FT01_ABTestingTest@3b7b8933]" started-at="2026-02-08T20:18:50 IST" name="verifyHeadingText" finished-at="2026-02-08T20:18:50 IST" duration-ms="610" status="PASS">
          <reporter-output>
            <line>
              <![CDATA[Initializing ABtesting]]>
            </line>
            <line>
              <![CDATA[fetching heading text for abtesting]]>
            </line>
          </reporter-output>
        </test-method> <!-- verifyHeadingText -->
        <test-method is-config="true" signature="afterMethod()[pri:0, instance:com.milestone.four.herokuapp.pagestest.FT01_ABTestingTest@3b7b8933]" started-at="2026-02-08T20:18:51 IST" name="afterMethod" finished-at="2026-02-08T20:18:51 IST" duration-ms="336" status="PASS">
          <reporter-output>
            <line>
              <![CDATA[Browser is closing]]>
            </line>
          </reporter-output>
        </test-method> <!-- afterMethod -->
        <test-method is-config="true" signature="beforeMethod(java.lang.String)[pri:0, instance:com.milestone.four.herokuapp.pagestest.FT01_ABTestingTest@3b7b8933]" started-at="2026-02-08T20:18:51 IST" name="beforeMethod" finished-at="2026-02-08T20:18:56 IST" duration-ms="5222" status="PASS">
          <params>
            <param index="0">
              <value>
                <![CDATA[chrome]]>
              </value>
            </param>
          </params>
          <reporter-output>
            <line>
              <![CDATA[Browser is opening]]>
            </line>
            <line>
              <![CDATA[login test started]]>
            </line>
            <line>
              <![CDATA[chrome]]>
            </line>
          </reporter-output>
        </test-method> <!-- beforeMethod -->
        <test-method signature="verifyPageLoadsUnder3Seconds()[pri:0, instance:com.milestone.four.herokuapp.pagestest.FT01_ABTestingTest@3b7b8933]" started-at="2026-02-08T20:18:56 IST" name="verifyPageLoadsUnder3Seconds" finished-at="2026-02-08T20:18:57 IST" duration-ms="414" status="PASS">
          <reporter-output>
            <line>
              <![CDATA[Initializing PerformancePage]]>
            </line>
          </reporter-output>
        </test-method> <!-- verifyPageLoadsUnder3Seconds -->
        <test-method is-config="true" signature="afterMethod()[pri:0, instance:com.milestone.four.herokuapp.pagestest.FT01_ABTestingTest@3b7b8933]" started-at="2026-02-08T20:18:57 IST" name="afterMethod" finished-at="2026-02-08T20:18:57 IST" duration-ms="229" status="PASS">
          <reporter-output>
            <line>
              <![CDATA[Browser is closing]]>
            </line>
          </reporter-output>
        </test-method> <!-- afterMethod -->
        <test-method is-config="true" signature="afterClass()[pri:0, instance:com.milestone.four.herokuapp.pagestest.FT01_ABTestingTest@3b7b8933]" started-at="2026-02-08T20:18:57 IST" name="afterClass" finished-at="2026-02-08T20:18:57 IST" duration-ms="2" status="PASS">
          <reporter-output>
          </reporter-output>
        </test-method> <!-- afterClass -->
      </class> <!-- com.milestone.four.herokuapp.pagestest.FT01_ABTestingTest -->
      <class name="com.milestone.four.herokuapp.pagestest.FT09_DynamicControlTest">
        <test-method is-config="true" signature="beforeClass()[pri:0, instance:com.milestone.four.herokuapp.pagestest.FT09_DynamicControlTest@1247a07f]" started-at="2026-02-08T20:20:38 IST" name="beforeClass" finished-at="2026-02-08T20:20:38 IST" duration-ms="0" status="PASS">
          <reporter-output>
          </reporter-output>
        </test-method> <!-- beforeClass -->
        <test-method is-config="true" signature="beforeMethod(java.lang.String)[pri:0, instance:com.milestone.four.herokuapp.pagestest.FT09_DynamicControlTest@1247a07f]" started-at="2026-02-08T20:20:38 IST" name="beforeMethod" finished-at="2026-02-08T20:20:43 IST" duration-ms="5133" status="PASS">
          <params>
            <param index="0">
              <value>
                <![CDATA[chrome]]>
              </value>
            </param>
          </params>
          <reporter-output>
            <line>
              <![CDATA[Browser is opening]]>
            </line>
            <line>
              <![CDATA[login test started]]>
            </line>
            <line>
              <![CDATA[chrome]]>
            </line>
          </reporter-output>
        </test-method> <!-- beforeMethod -->
        <test-method signature="verifyDynamicControls()[pri:0, instance:com.milestone.four.herokuapp.pagestest.FT09_DynamicControlTest@1247a07f]" started-at="2026-02-08T20:20:43 IST" name="verifyDynamicControls" finished-at="2026-02-08T20:21:03 IST" duration-ms="20246" status="PASS">
          <reporter-output>
            <line>
              <![CDATA[Initialization of Dynamic Control Page]]>
            </line>
            <line>
              <![CDATA[Started click on remove button]]>
            </line>
            <line>
              <![CDATA[Started click on add button]]>
            </line>
            <line>
              <![CDATA[Start clicking on Enabled Button]]>
            </line>
            <line>
              <![CDATA[Start clicking on Diabled button]]>
            </line>
          </reporter-output>
        </test-method> <!-- verifyDynamicControls -->
        <test-method is-config="true" signature="afterMethod()[pri:0, instance:com.milestone.four.herokuapp.pagestest.FT09_DynamicControlTest@1247a07f]" started-at="2026-02-08T20:21:03 IST" name="afterMethod" finished-at="2026-02-08T20:21:04 IST" duration-ms="284" status="PASS">
          <reporter-output>
            <line>
              <![CDATA[Browser is closing]]>
            </line>
          </reporter-output>
        </test-method> <!-- afterMethod -->
        <test-method is-config="true" signature="afterClass()[pri:0, instance:com.milestone.four.herokuapp.pagestest.FT09_DynamicControlTest@1247a07f]" started-at="2026-02-08T20:21:04 IST" name="afterClass" finished-at="2026-02-08T20:21:04 IST" duration-ms="0" status="PASS">
          <reporter-output>
          </reporter-output>
        </test-method> <!-- afterClass -->
      </class> <!-- com.milestone.four.herokuapp.pagestest.FT09_DynamicControlTest -->
      <class name="com.milestone.four.herokuapp.pagestest.FT02_AddRemoveTest">
        <test-method is-config="true" signature="beforeClass()[pri:0, instance:com.milestone.four.herokuapp.pagestest.FT02_AddRemoveTest@421195fb]" started-at="2026-02-08T20:18:57 IST" name="beforeClass" finished-at="2026-02-08T20:18:57 IST" duration-ms="0" status="PASS">
          <reporter-output>
          </reporter-output>
        </test-method> <!-- beforeClass -->
        <test-method is-config="true" signature="beforeMethod(java.lang.String)[pri:0, instance:com.milestone.four.herokuapp.pagestest.FT02_AddRemoveTest@421195fb]" started-at="2026-02-08T20:18:57 IST" name="beforeMethod" finished-at="2026-02-08T20:19:02 IST" duration-ms="4871" status="PASS">
          <params>
            <param index="0">
              <value>
                <![CDATA[chrome]]>
              </value>
            </param>
          </params>
          <reporter-output>
            <line>
              <![CDATA[Browser is opening]]>
            </line>
            <line>
              <![CDATA[login test started]]>
            </line>
            <line>
              <![CDATA[chrome]]>
            </line>
          </reporter-output>
        </test-method> <!-- beforeMethod -->
        <test-method signature="verifyAddRemoveTest()[pri:0, instance:com.milestone.four.herokuapp.pagestest.FT02_AddRemoveTest@421195fb]" started-at="2026-02-08T20:19:02 IST" name="verifyAddRemoveTest" finished-at="2026-02-08T20:19:09 IST" duration-ms="7530" status="PASS">
          <reporter-output>
            <line>
              <![CDATA[Initializing Add Remove Page]]>
            </line>
            <line>
              <![CDATA[Initialization of Add Button]]>
            </line>
            <line>
              <![CDATA[Initialization of Add Button]]>
            </line>
            <line>
              <![CDATA[Initialization of Add Button]]>
            </line>
            <line>
              <![CDATA[Deleting all delete Button]]>
            </line>
          </reporter-output>
        </test-method> <!-- verifyAddRemoveTest -->
        <test-method is-config="true" signature="afterMethod()[pri:0, instance:com.milestone.four.herokuapp.pagestest.FT02_AddRemoveTest@421195fb]" started-at="2026-02-08T20:19:10 IST" name="afterMethod" finished-at="2026-02-08T20:19:10 IST" duration-ms="271" status="PASS">
          <reporter-output>
            <line>
              <![CDATA[Browser is closing]]>
            </line>
          </reporter-output>
        </test-method> <!-- afterMethod -->
        <test-method is-config="true" signature="beforeMethod(java.lang.String)[pri:0, instance:com.milestone.four.herokuapp.pagestest.FT02_AddRemoveTest@421195fb]" started-at="2026-02-08T20:19:10 IST" name="beforeMethod" finished-at="2026-02-08T20:19:15 IST" duration-ms="4869" status="PASS">
          <params>
            <param index="0">
              <value>
                <![CDATA[chrome]]>
              </value>
            </param>
          </params>
          <reporter-output>
            <line>
              <![CDATA[Browser is opening]]>
            </line>
            <line>
              <![CDATA[login test started]]>
            </line>
            <line>
              <![CDATA[chrome]]>
            </line>
          </reporter-output>
        </test-method> <!-- beforeMethod -->
        <test-method signature="verifyPageLoadsUnder3Seconds()[pri:0, instance:com.milestone.four.herokuapp.pagestest.FT02_AddRemoveTest@421195fb]" started-at="2026-02-08T20:19:15 IST" name="verifyPageLoadsUnder3Seconds" finished-at="2026-02-08T20:19:15 IST" duration-ms="411" status="PASS">
          <reporter-output>
            <line>
              <![CDATA[Initializing PerformancePage]]>
            </line>
          </reporter-output>
        </test-method> <!-- verifyPageLoadsUnder3Seconds -->
        <test-method is-config="true" signature="afterMethod()[pri:0, instance:com.milestone.four.herokuapp.pagestest.FT02_AddRemoveTest@421195fb]" started-at="2026-02-08T20:19:15 IST" name="afterMethod" finished-at="2026-02-08T20:19:15 IST" duration-ms="226" status="PASS">
          <reporter-output>
            <line>
              <![CDATA[Browser is closing]]>
            </line>
          </reporter-output>
        </test-method> <!-- afterMethod -->
        <test-method is-config="true" signature="afterClass()[pri:0, instance:com.milestone.four.herokuapp.pagestest.FT02_AddRemoveTest@421195fb]" started-at="2026-02-08T20:19:15 IST" name="afterClass" finished-at="2026-02-08T20:19:16 IST" duration-ms="1" status="PASS">
          <reporter-output>
          </reporter-output>
        </test-method> <!-- afterClass -->
      </class> <!-- com.milestone.four.herokuapp.pagestest.FT02_AddRemoveTest -->
    </test> <!-- heroku chrome test -->
    <test started-at="2026-02-08T20:21:21 IST" name="heroku Firefox test" finished-at="2026-02-08T20:26:50 IST" duration-ms="328697">
      <class name="com.milestone.four.herokuapp.pagestest.FT11_EntryAdTest">
        <test-method is-config="true" signature="beforeClass()[pri:0, instance:com.milestone.four.herokuapp.pagestest.FT11_EntryAdTest@1e58763a]" started-at="2026-02-08T20:21:21 IST" name="beforeClass" finished-at="2026-02-08T20:21:21 IST" duration-ms="0" status="PASS">
          <reporter-output>
          </reporter-output>
        </test-method> <!-- beforeClass -->
        <test-method is-config="true" signature="beforeMethod(java.lang.String)[pri:0, instance:com.milestone.four.herokuapp.pagestest.FT11_EntryAdTest@1e58763a]" started-at="2026-02-08T20:21:21 IST" name="beforeMethod" finished-at="2026-02-08T20:21:30 IST" duration-ms="8813" status="PASS">
          <params>
            <param index="0">
              <value>
                <![CDATA[firefox]]>
              </value>
            </param>
          </params>
          <reporter-output>
            <line>
              <![CDATA[Browser is opening]]>
            </line>
            <line>
              <![CDATA[login test started]]>
            </line>
            <line>
              <![CDATA[firefox]]>
            </line>
          </reporter-output>
        </test-method> <!-- beforeMethod -->
        <test-method signature="verifyEntryAdPopup()[pri:0, instance:com.milestone.four.herokuapp.pagestest.FT11_EntryAdTest@1e58763a]" started-at="2026-02-08T20:21:30 IST" name="verifyEntryAdPopup" finished-at="2026-02-08T20:21:31 IST" duration-ms="1335" status="FAIL">
          <exception class="java.lang.AssertionError">
            <message>
              <![CDATA[Modal popup should be closed but is still visible! expected [false] but found [true]]]>
            </message>
            <full-stacktrace>
              <![CDATA[java.lang.AssertionError: Modal popup should be closed but is still visible! expected [false] but found [true]
at org.testng.Assert.fail(Assert.java:111)
at org.testng.Assert.failNotEquals(Assert.java:1578)
at org.testng.Assert.assertFalse(Assert.java:79)
at com.milestone.four.herokuapp.pagestest.FT11_EntryAdTest.verifyEntryAdPopup(FT11_EntryAdTest.java:28)
at java.base/jdk.internal.reflect.DirectMethodHandleAccessor.invoke(DirectMethodHandleAccessor.java:103)
at java.base/java.lang.reflect.Method.invoke(Method.java:580)
at org.testng.internal.invokers.MethodInvocationHelper.invokeMethod(MethodInvocationHelper.java:141)
at org.testng.internal.invokers.TestInvoker.invokeMethod(TestInvoker.java:686)
at org.testng.internal.invokers.TestInvoker.invokeTestMethod(TestInvoker.java:230)
at org.testng.internal.invokers.MethodRunner.runInSequence(MethodRunner.java:63)
at org.testng.internal.invokers.TestInvoker$MethodInvocationAgent.invoke(TestInvoker.java:992)
at org.testng.internal.invokers.TestInvoker.invokeTestMethods(TestInvoker.java:203)
at org.testng.internal.invokers.TestMethodWorker.invokeTestMethods(TestMethodWorker.java:154)
at org.testng.internal.invokers.TestMethodWorker.run(TestMethodWorker.java:134)
at java.base/java.util.ArrayList.forEach(ArrayList.java:1596)
at org.testng.TestRunner.privateRun(TestRunner.java:739)
at org.testng.TestRunner.run(TestRunner.java:614)
at org.testng.SuiteRunner.runTest(SuiteRunner.java:421)
at org.testng.SuiteRunner.runSequentially(SuiteRunner.java:413)
at org.testng.SuiteRunner.privateRun(SuiteRunner.java:373)
at org.testng.SuiteRunner.run(SuiteRunner.java:312)
at org.testng.SuiteRunnerWorker.runSuite(SuiteRunnerWorker.java:52)
at org.testng.SuiteRunnerWorker.run(SuiteRunnerWorker.java:95)
at org.testng.TestNG.runSuitesSequentially(TestNG.java:1274)
at org.testng.TestNG.runSuitesLocally(TestNG.java:1208)
at org.testng.TestNG.runSuites(TestNG.java:1112)
at org.testng.TestNG.run(TestNG.java:1079)
at com.milestone.four.runner.TestNGSuiteRunner.runSuite(TestNGSuiteRunner.java:25)
at com.milestone.four.service.TestExecutionService.executeSuite(TestExecutionService.java:28)
at com.milestone.four.controller.UITestController.runSuite(UITestController.java:62)
at java.base/jdk.internal.reflect.DirectMethodHandleAccessor.invoke(DirectMethodHandleAccessor.java:103)
at java.base/java.lang.reflect.Method.invoke(Method.java:580)
at org.springframework.web.method.support.InvocableHandlerMethod.doInvoke(InvocableHandlerMethod.java:258)
at org.springframework.web.method.support.InvocableHandlerMethod.invokeForRequest(InvocableHandlerMethod.java:190)
at org.springframework.web.servlet.mvc.method.annotation.ServletInvocableHandlerMethod.invokeAndHandle(ServletInvocableHandlerMethod.java:117)
at org.springframework.web.servlet.mvc.method.annotation.RequestMappingHandlerAdapter.invokeHandlerMethod(RequestMappingHandlerAdapter.java:934)
at org.springframework.web.servlet.mvc.method.annotation.RequestMappingHandlerAdapter.handleInternal(RequestMappingHandlerAdapter.java:853)
at org.springframework.web.servlet.mvc.method.AbstractHandlerMethodAdapter.handle(AbstractHandlerMethodAdapter.java:86)
at org.springframework.web.servlet.DispatcherServlet.doDispatch(DispatcherServlet.java:963)
at org.springframework.web.servlet.DispatcherServlet.doService(DispatcherServlet.java:866)
at org.springframework.web.servlet.FrameworkServlet.processRequest(FrameworkServlet.java:1003)
at org.springframework.web.servlet.FrameworkServlet.doPost(FrameworkServlet.java:903)
at jakarta.servlet.http.HttpServlet.service(HttpServlet.java:649)
at org.springframework.web.servlet.FrameworkServlet.service(FrameworkServlet.java:874)
at jakarta.servlet.http.HttpServlet.service(HttpServlet.java:710)
at org.apache.catalina.core.ApplicationFilterChain.doFilter(ApplicationFilterChain.java:128)
at org.apache.tomcat.websocket.server.WsFilter.doFilter(WsFilter.java:53)
at org.apache.catalina.core.ApplicationFilterChain.doFilter(ApplicationFilterChain.java:107)
at org.springframework.web.filter.RequestContextFilter.doFilterInternal(RequestContextFilter.java:100)
at org.springframework.web.filter.OncePerRequestFilter.doFilter(OncePerRequestFilter.java:116)
at org.apache.catalina.core.ApplicationFilterChain.doFilter(ApplicationFilterChain.java:107)
at org.springframework.web.filter.FormContentFilter.doFilterInternal(FormContentFilter.java:93)
at org.springframework.web.filter.OncePerRequestFilter.doFilter(OncePerRequestFilter.java:116)
at org.apache.catalina.core.ApplicationFilterChain.doFilter(ApplicationFilterChain.java:107)
at org.springframework.web.filter.CharacterEncodingFilter.doFilterInternal(CharacterEncodingFilter.java:199)
at org.springframework.web.filter.OncePerRequestFilter.doFilter(OncePerRequestFilter.java:116)
at org.apache.catalina.core.ApplicationFilterChain.doFilter(ApplicationFilterChain.java:107)
at org.apache.catalina.core.StandardWrapperValve.invoke(StandardWrapperValve.java:165)
at org.apache.catalina.core.StandardContextValve.invoke(StandardContextValve.java:77)
at org.apache.catalina.authenticator.AuthenticatorBase.invoke(AuthenticatorBase.java:482)
at org.apache.catalina.core.StandardHostValve.invoke(StandardHostValve.java:113)
at org.apache.catalina.valves.ErrorReportValve.invoke(ErrorReportValve.java:83)
at org.apache.catalina.core.StandardEngineValve.invoke(StandardEngineValve.java:72)
at org.apache.catalina.connector.CoyoteAdapter.service(CoyoteAdapter.java:341)
at org.apache.coyote.http11.Http11Processor.service(Http11Processor.java:397)
at org.apache.coyote.AbstractProcessorLight.process(AbstractProcessorLight.java:63)
at org.apache.coyote.AbstractProtocol$ConnectionHandler.process(AbstractProtocol.java:903)
at org.apache.tomcat.util.net.NioEndpoint$SocketProcessor.doRun(NioEndpoint.java:1778)
at org.apache.tomcat.util.net.SocketProcessorBase.run(SocketProcessorBase.java:52)
at org.apache.tomcat.util.threads.ThreadPoolExecutor.runWorker(ThreadPoolExecutor.java:946)
at org.apache.tomcat.util.threads.ThreadPoolExecutor$Worker.run(ThreadPoolExecutor.java:480)
at org.apache.tomcat.util.threads.TaskThread$WrappingRunnable.run(TaskThread.java:57)
at java.base/java.lang.Thread.run(Thread.java:1583)
]]>
            </full-stacktrace>
          </exception> <!-- java.lang.AssertionError -->
          <reporter-output>
            <line>
              <![CDATA[Initializing EntryAdPage]]>
            </line>
            <line>
              <![CDATA[Waiting for modal popup]]>
            </line>
            <line>
              <![CDATA[Closing modal popup]]>
            </line>
            <line>
              <![CDATA[Checking if modal popup is closed]]>
            </line>
          </reporter-output>
        </test-method> <!-- verifyEntryAdPopup -->
        <test-method is-config="true" signature="afterMethod()[pri:0, instance:com.milestone.four.herokuapp.pagestest.FT11_EntryAdTest@1e58763a]" started-at="2026-02-08T20:21:31 IST" name="afterMethod" finished-at="2026-02-08T20:21:33 IST" duration-ms="1577" status="PASS">
          <reporter-output>
            <line>
              <![CDATA[Browser is closing]]>
            </line>
          </reporter-output>
        </test-method> <!-- afterMethod -->
        <test-method is-config="true" signature="afterClass()[pri:0, instance:com.milestone.four.herokuapp.pagestest.FT11_EntryAdTest@1e58763a]" started-at="2026-02-08T20:21:33 IST" name="afterClass" finished-at="2026-02-08T20:21:33 IST" duration-ms="1" status="PASS">
          <reporter-output>
          </reporter-output>
        </test-method> <!-- afterClass -->
      </class> <!-- com.milestone.four.herokuapp.pagestest.FT11_EntryAdTest -->
      <class name="com.milestone.four.herokuapp.pagestest.FT17_HorizontalSliderTest">
        <test-method is-config="true" signature="beforeClass()[pri:0, instance:com.milestone.four.herokuapp.pagestest.FT17_HorizontalSliderTest@6f466594]" started-at="2026-02-08T20:24:52 IST" name="beforeClass" finished-at="2026-02-08T20:24:52 IST" duration-ms="0" status="PASS">
          <reporter-output>
          </reporter-output>
        </test-method> <!-- beforeClass -->
        <test-method is-config="true" signature="beforeMethod(java.lang.String)[pri:0, instance:com.milestone.four.herokuapp.pagestest.FT17_HorizontalSliderTest@6f466594]" started-at="2026-02-08T20:24:52 IST" name="beforeMethod" finished-at="2026-02-08T20:25:07 IST" duration-ms="14267" status="PASS">
          <params>
            <param index="0">
              <value>
                <![CDATA[firefox]]>
              </value>
            </param>
          </params>
          <reporter-output>
            <line>
              <![CDATA[Browser is opening]]>
            </line>
            <line>
              <![CDATA[login test started]]>
            </line>
            <line>
              <![CDATA[firefox]]>
            </line>
          </reporter-output>
        </test-method> <!-- beforeMethod -->
        <test-method signature="verifySliderMovesUsingActions()[pri:0, instance:com.milestone.four.herokuapp.pagestest.FT17_HorizontalSliderTest@6f466594]" started-at="2026-02-08T20:25:07 IST" name="verifySliderMovesUsingActions" finished-at="2026-02-08T20:25:08 IST" duration-ms="1324" status="PASS">
          <reporter-output>
            <line>
              <![CDATA[Initializing HorizontalSliderPage]]>
            </line>
            <line>
              <![CDATA[Moving slider to value (via Actions): 5]]>
            </line>
            <line>
              <![CDATA[Moved slider using Actions successfully]]>
            </line>
          </reporter-output>
        </test-method> <!-- verifySliderMovesUsingActions -->
        <test-method is-config="true" signature="afterMethod()[pri:0, instance:com.milestone.four.herokuapp.pagestest.FT17_HorizontalSliderTest@6f466594]" started-at="2026-02-08T20:25:08 IST" name="afterMethod" finished-at="2026-02-08T20:25:10 IST" duration-ms="1552" status="PASS">
          <reporter-output>
            <line>
              <![CDATA[Browser is closing]]>
            </line>
          </reporter-output>
        </test-method> <!-- afterMethod -->
        <test-method is-config="true" signature="afterClass()[pri:0, instance:com.milestone.four.herokuapp.pagestest.FT17_HorizontalSliderTest@6f466594]" started-at="2026-02-08T20:25:10 IST" name="afterClass" finished-at="2026-02-08T20:25:10 IST" duration-ms="0" status="PASS">
          <reporter-output>
          </reporter-output>
        </test-method> <!-- afterClass -->
      </class> <!-- com.milestone.four.herokuapp.pagestest.FT17_HorizontalSliderTest -->
      <class name="com.milestone.four.herokuapp.pagestest.FT18_HoversTest">
        <test-method is-config="true" signature="beforeClass()[pri:0, instance:com.milestone.four.herokuapp.pagestest.FT18_HoversTest@2dce057d]" started-at="2026-02-08T20:25:10 IST" name="beforeClass" finished-at="2026-02-08T20:25:10 IST" duration-ms="0" status="PASS">
          <reporter-output>
          </reporter-output>
        </test-method> <!-- beforeClass -->
        <test-method is-config="true" signature="beforeMethod(java.lang.String)[pri:0, instance:com.milestone.four.herokuapp.pagestest.FT18_HoversTest@2dce057d]" started-at="2026-02-08T20:25:10 IST" name="beforeMethod" finished-at="2026-02-08T20:25:18 IST" duration-ms="8570" status="PASS">
          <params>
            <param index="0">
              <value>
                <![CDATA[firefox]]>
              </value>
            </param>
          </params>
          <reporter-output>
            <line>
              <![CDATA[Browser is opening]]>
            </line>
            <line>
              <![CDATA[login test started]]>
            </line>
            <line>
              <![CDATA[firefox]]>
            </line>
          </reporter-output>
        </test-method> <!-- beforeMethod -->
        <test-method signature="verifyHoverUserProfile()[pri:0, instance:com.milestone.four.herokuapp.pagestest.FT18_HoversTest@2dce057d]" started-at="2026-02-08T20:25:18 IST" name="verifyHoverUserProfile" finished-at="2026-02-08T20:25:20 IST" duration-ms="1611" status="PASS">
          <reporter-output>
            <line>
[...]
at org.apache.catalina.core.StandardContextValve.invoke(StandardContextValve.java:77)
at org.apache.catalina.authenticator.AuthenticatorBase.invoke(AuthenticatorBase.java:482)
at org.apache.catalina.core.StandardHostValve.invoke(StandardHostValve.java:113)
at org.apache.catalina.valves.ErrorReportValve.invoke(ErrorReportValve.java:83)
at org.apache.catalina.core.StandardEngineValve.invoke(StandardEngineValve.java:72)
at org.apache.catalina.connector.CoyoteAdapter.service(CoyoteAdapter.java:341)
at org.apache.coyote.http11.Http11Processor.service(Http11Processor.java:397)
at org.apache.coyote.AbstractProcessorLight.process(AbstractProcessorLight.java:63)
at org.apache.coyote.AbstractProtocol$ConnectionHandler.process(AbstractProtocol.java:903)
at org.apache.tomcat.util.net.NioEndpoint$SocketProcessor.doRun(NioEndpoint.java:1778)
at org.apache.tomcat.util.net.SocketProcessorBase.run(SocketProcessorBase.java:52)
at org.apache.tomcat.util.threads.ThreadPoolExecutor.runWorker(ThreadPoolExecutor.java:946)
at org.apache.tomcat.util.threads.ThreadPoolExecutor$Worker.run(ThreadPoolExecutor.java:480)
at org.apache.tomcat.util.threads.TaskThread$WrappingRunnable.run(TaskThread.java:57)
at java.base/java.lang.Thread.run(Thread.java:1583)
]]>
            </full-stacktrace>
          </exception> <!-- java.lang.AssertionError -->
          <reporter-output>
            <line>
              <![CDATA[Initializing StatusCodesPage]]>
            </line>
            <line>
              <![CDATA[Clicking Status Code: 301]]>
            </line>
          </reporter-output>
        </test-method> <!-- verifyStatusCodeMessage -->
        <test-method is-config="true" signature="afterMethod()[pri:0, instance:com.milestone.four.herokuapp.pagestest.FT20_StatusCodesTest@380c66cc]" started-at="2026-02-08T20:26:25 IST" name="afterMethod" finished-at="2026-02-08T20:26:27 IST" duration-ms="1611" status="PASS">
          <reporter-output>
            <line>
              <![CDATA[Browser is closing]]>
            </line>
          </reporter-output>
        </test-method> <!-- afterMethod -->
        <test-method is-config="true" signature="beforeMethod(java.lang.String)[pri:0, instance:com.milestone.four.herokuapp.pagestest.FT20_StatusCodesTest@380c66cc]" started-at="2026-02-08T20:26:27 IST" name="beforeMethod" finished-at="2026-02-08T20:26:36 IST" duration-ms="8947" status="PASS">
          <params>
            <param index="0">
              <value>
                <![CDATA[firefox]]>
              </value>
            </param>
          </params>
          <reporter-output>
            <line>
              <![CDATA[Browser is opening]]>
            </line>
            <line>
              <![CDATA[login test started]]>
            </line>
            <line>
              <![CDATA[firefox]]>
            </line>
          </reporter-output>
        </test-method> <!-- beforeMethod -->
        <test-method signature="verifyStatusCodeMessage(java.lang.String)[pri:0, instance:com.milestone.four.herokuapp.pagestest.FT20_StatusCodesTest@380c66cc]" started-at="2026-02-08T20:26:36 IST" name="verifyStatusCodeMessage" data-provider="StatusCode" finished-at="2026-02-08T20:26:37 IST" duration-ms="1272" status="FAIL">
          <params>
            <param index="0">
              <value>
                <![CDATA[404]]>
              </value>
            </param>
          </params>
          <exception class="java.lang.AssertionError">
            <message>
              <![CDATA[Status message does not contain expected code: 404 expected [false] but found [true]]]>
            </message>
            <full-stacktrace>
              <![CDATA[java.lang.AssertionError: Status message does not contain expected code: 404 expected [false] but found [true]
at org.testng.Assert.fail(Assert.java:111)
at org.testng.Assert.failNotEquals(Assert.java:1578)
at org.testng.Assert.assertFalse(Assert.java:79)
at com.milestone.four.herokuapp.pagestest.FT20_StatusCodesTest.verifyStatusCodeMessage(FT20_StatusCodesTest.java:29)
at java.base/jdk.internal.reflect.DirectMethodHandleAccessor.invoke(DirectMethodHandleAccessor.java:103)
at java.base/java.lang.reflect.Method.invoke(Method.java:580)
at org.testng.internal.invokers.MethodInvocationHelper.invokeMethod(MethodInvocationHelper.java:141)
at org.testng.internal.invokers.TestInvoker.invokeMethod(TestInvoker.java:686)
at org.testng.internal.invokers.TestInvoker.invokeTestMethod(TestInvoker.java:230)
at org.testng.internal.invokers.MethodRunner.runInSequence(MethodRunner.java:63)
at org.testng.internal.invokers.TestInvoker$MethodInvocationAgent.invoke(TestInvoker.java:992)
at org.testng.internal.invokers.TestInvoker.invokeTestMethods(TestInvoker.java:203)
at org.testng.internal.invokers.TestMethodWorker.invokeTestMethods(TestMethodWorker.java:154)
at org.testng.internal.invokers.TestMethodWorker.run(TestMethodWorker.java:134)
at java.base/java.util.ArrayList.forEach(ArrayList.java:1596)
at org.testng.TestRunner.privateRun(TestRunner.java:739)
at org.testng.TestRunner.run(TestRunner.java:614)
at org.testng.SuiteRunner.runTest(SuiteRunner.java:421)
at org.testng.SuiteRunner.runSequentially(SuiteRunner.java:413)
at org.testng.SuiteRunner.privateRun(SuiteRunner.java:373)
at org.testng.SuiteRunner.run(SuiteRunner.java:312)
at org.testng.SuiteRunnerWorker.runSuite(SuiteRunnerWorker.java:52)
at org.testng.SuiteRunnerWorker.run(SuiteRunnerWorker.java:95)
at org.testng.TestNG.runSuitesSequentially(TestNG.java:1274)
at org.testng.TestNG.runSuitesLocally(TestNG.java:1208)
at org.testng.TestNG.runSuites(TestNG.java:1112)
at org.testng.TestNG.run(TestNG.java:1079)
at com.milestone.four.runner.TestNGSuiteRunner.runSuite(TestNGSuiteRunner.java:25)
at com.milestone.four.service.TestExecutionService.executeSuite(TestExecutionService.java:28)
at com.milestone.four.controller.UITestController.runSuite(UITestController.java:62)
at java.base/jdk.internal.reflect.DirectMethodHandleAccessor.invoke(DirectMethodHandleAccessor.java:103)
at java.base/java.lang.reflect.Method.invoke(Method.java:580)
at org.springframework.web.method.support.InvocableHandlerMethod.doInvoke(InvocableHandlerMethod.java:258)
at org.springframework.web.method.support.InvocableHandlerMethod.invokeForRequest(InvocableHandlerMethod.java:190)
at org.springframework.web.servlet.mvc.method.annotation.ServletInvocableHandlerMethod.invokeAndHandle(ServletInvocableHandlerMethod.java:117)
at org.springframework.web.servlet.mvc.method.annotation.RequestMappingHandlerAdapter.invokeHandlerMethod(RequestMappingHandlerAdapter.java:934)
at org.springframework.web.servlet.mvc.method.annotation.RequestMappingHandlerAdapter.handleInternal(RequestMappingHandlerAdapter.java:853)
at org.springframework.web.servlet.mvc.method.AbstractHandlerMethodAdapter.handle(AbstractHandlerMethodAdapter.java:86)
at org.springframework.web.servlet.DispatcherServlet.doDispatch(DispatcherServlet.java:963)
at org.springframework.web.servlet.DispatcherServlet.doService(DispatcherServlet.java:866)
at org.springframework.web.servlet.FrameworkServlet.processRequest(FrameworkServlet.java:1003)
at org.springframework.web.servlet.FrameworkServlet.doPost(FrameworkServlet.java:903)
at jakarta.servlet.http.HttpServlet.service(HttpServlet.java:649)
at org.springframework.web.servlet.FrameworkServlet.service(FrameworkServlet.java:874)
at jakarta.servlet.http.HttpServlet.service(HttpServlet.java:710)
at org.apache.catalina.core.ApplicationFilterChain.doFilter(ApplicationFilterChain.java:128)
at org.apache.tomcat.websocket.server.WsFilter.doFilter(WsFilter.java:53)
at org.apache.catalina.core.ApplicationFilterChain.doFilter(ApplicationFilterChain.java:107)
at org.springframework.web.filter.RequestContextFilter.doFilterInternal(RequestContextFilter.java:100)
at org.springframework.web.filter.OncePerRequestFilter.doFilter(OncePerRequestFilter.java:116)
at org.apache.catalina.core.ApplicationFilterChain.doFilter(ApplicationFilterChain.java:107)
at org.springframework.web.filter.FormContentFilter.doFilterInternal(FormContentFilter.java:93)
at org.springframework.web.filter.OncePerRequestFilter.doFilter(OncePerRequestFilter.java:116)
at org.apache.catalina.core.ApplicationFilterChain.doFilter(ApplicationFilterChain.java:107)
at org.springframework.web.filter.CharacterEncodingFilter.doFilterInternal(CharacterEncodingFilter.java:199)
at org.springframework.web.filter.OncePerRequestFilter.doFilter(OncePerRequestFilter.java:116)
at org.apache.catalina.core.ApplicationFilterChain.doFilter(ApplicationFilterChain.java:107)
at org.apache.catalina.core.StandardWrapperValve.invoke(StandardWrapperValve.java:165)
at org.apache.catalina.core.StandardContextValve.invoke(StandardContextValve.java:77)
at org.apache.catalina.authenticator.AuthenticatorBase.invoke(AuthenticatorBase.java:482)
at org.apache.catalina.core.StandardHostValve.invoke(StandardHostValve.java:113)
at org.apache.catalina.valves.ErrorReportValve.invoke(ErrorReportValve.java:83)
at org.apache.catalina.core.StandardEngineValve.invoke(StandardEngineValve.java:72)
at org.apache.catalina.connector.CoyoteAdapter.service(CoyoteAdapter.java:341)
at org.apache.coyote.http11.Http11Processor.service(Http11Processor.java:397)
at org.apache.coyote.AbstractProcessorLight.process(AbstractProcessorLight.java:63)
at org.apache.coyote.AbstractProtocol$ConnectionHandler.process(AbstractProtocol.java:903)
at org.apache.tomcat.util.net.NioEndpoint$SocketProcessor.doRun(NioEndpoint.java:1778)
at org.apache.tomcat.util.net.SocketProcessorBase.run(SocketProcessorBase.java:52)
at org.apache.tomcat.util.threads.ThreadPoolExecutor.runWorker(ThreadPoolExecutor.java:946)
at org.apache.tomcat.util.threads.ThreadPoolExecutor$Worker.run(ThreadPoolExecutor.java:480)
at org.apache.tomcat.util.threads.TaskThread$WrappingRunnable.run(TaskThread.java:57)
at java.base/java.lang.Thread.run(Thread.java:1583)
]]>
            </full-stacktrace>
          </exception> <!-- java.lang.AssertionError -->
          <reporter-output>
            <line>
              <![CDATA[Initializing StatusCodesPage]]>
            </line>
            <line>
              <![CDATA[Clicking Status Code: 404]]>
            </line>
          </reporter-output>
        </test-method> <!-- verifyStatusCodeMessage -->
        <test-method is-config="true" signature="afterMethod()[pri:0, instance:com.milestone.four.herokuapp.pagestest.FT20_StatusCodesTest@380c66cc]" started-at="2026-02-08T20:26:37 IST" name="afterMethod" finished-at="2026-02-08T20:26:39 IST" duration-ms="1493" status="PASS">
          <reporter-output>
            <line>
              <![CDATA[Browser is closing]]>
            </line>
          </reporter-output>
        </test-method> <!-- afterMethod -->
        <test-method is-config="true" signature="beforeMethod(java.lang.String)[pri:0, instance:com.milestone.four.herokuapp.pagestest.FT20_StatusCodesTest@380c66cc]" started-at="2026-02-08T20:26:39 IST" name="beforeMethod" finished-at="2026-02-08T20:26:47 IST" duration-ms="8451" status="PASS">
          <params>
            <param index="0">
              <value>
                <![CDATA[firefox]]>
              </value>
            </param>
          </params>
          <reporter-output>
            <line>
              <![CDATA[Browser is opening]]>
            </line>
            <line>
              <![CDATA[login test started]]>
            </line>
            <line>
              <![CDATA[firefox]]>
            </line>
          </reporter-output>
        </test-method> <!-- beforeMethod -->
        <test-method signature="verifyStatusCodeMessage(java.lang.String)[pri:0, instance:com.milestone.four.herokuapp.pagestest.FT20_StatusCodesTest@380c66cc]" started-at="2026-02-08T20:26:47 IST" name="verifyStatusCodeMessage" data-provider="StatusCode" finished-at="2026-02-08T20:26:48 IST" duration-ms="1290" status="FAIL">
          <params>
            <param index="0">
              <value>
                <![CDATA[500]]>
              </value>
            </param>
          </params>
          <exception class="java.lang.AssertionError">
            <message>
              <![CDATA[Status message does not contain expected code: 500 expected [false] but found [true]]]>
            </message>
            <full-stacktrace>
              <![CDATA[java.lang.AssertionError: Status message does not contain expected code: 500 expected [false] but found [true]
at org.testng.Assert.fail(Assert.java:111)
at org.testng.Assert.failNotEquals(Assert.java:1578)
at org.testng.Assert.assertFalse(Assert.java:79)
at com.milestone.four.herokuapp.pagestest.FT20_StatusCodesTest.verifyStatusCodeMessage(FT20_StatusCodesTest.java:29)
at java.base/jdk.internal.reflect.DirectMethodHandleAccessor.invoke(DirectMethodHandleAccessor.java:103)
at java.base/java.lang.reflect.Method.invoke(Method.java:580)
at org.testng.internal.invokers.MethodInvocationHelper.invokeMethod(MethodInvocationHelper.java:141)
at org.testng.internal.invokers.TestInvoker.invokeMethod(TestInvoker.java:686)
at org.testng.internal.invokers.TestInvoker.invokeTestMethod(TestInvoker.java:230)
at org.testng.internal.invokers.MethodRunner.runInSequence(MethodRunner.java:63)
at org.testng.internal.invokers.TestInvoker$MethodInvocationAgent.invoke(TestInvoker.java:992)
at org.testng.internal.invokers.TestInvoker.invokeTestMethods(TestInvoker.java:203)
at org.testng.internal.invokers.TestMethodWorker.invokeTestMethods(TestMethodWorker.java:154)
at org.testng.internal.invokers.TestMethodWorker.run(TestMethodWorker.java:134)
at java.base/java.util.ArrayList.forEach(ArrayList.java:1596)
at org.testng.TestRunner.privateRun(TestRunner.java:739)
at org.testng.TestRunner.run(TestRunner.java:614)
at org.testng.SuiteRunner.runTest(SuiteRunner.java:421)
at org.testng.SuiteRunner.runSequentially(SuiteRunner.java:413)
at org.testng.SuiteRunner.privateRun(SuiteRunner.java:373)
at org.testng.SuiteRunner.run(SuiteRunner.java:312)
at org.testng.SuiteRunnerWorker.runSuite(SuiteRunnerWorker.java:52)
at org.testng.SuiteRunnerWorker.run(SuiteRunnerWorker.java:95)
at org.testng.TestNG.runSuitesSequentially(TestNG.java:1274)
at org.testng.TestNG.runSuitesLocally(TestNG.java:1208)
at org.testng.TestNG.runSuites(TestNG.java:1112)
at org.testng.TestNG.run(TestNG.java:1079)
at com.milestone.four.runner.TestNGSuiteRunner.runSuite(TestNGSuiteRunner.java:25)
at com.milestone.four.service.TestExecutionService.executeSuite(TestExecutionService.java:28)
at com.milestone.four.controller.UITestController.runSuite(UITestController.java:62)
at java.base/jdk.internal.reflect.DirectMethodHandleAccessor.invoke(DirectMethodHandleAccessor.java:103)
at java.base/java.lang.reflect.Method.invoke(Method.java:580)
at org.springframework.web.method.support.InvocableHandlerMethod.doInvoke(InvocableHandlerMethod.java:258)
at org.springframework.web.method.support.InvocableHandlerMethod.invokeForRequest(InvocableHandlerMethod.java:190)
at org.springframework.web.servlet.mvc.method.annotation.ServletInvocableHandlerMethod.invokeAndHandle(ServletInvocableHandlerMethod.java:117)
at org.springframework.web.servlet.mvc.method.annotation.RequestMappingHandlerAdapter.invokeHandlerMethod(RequestMappingHandlerAdapter.java:934)
at org.springframework.web.servlet.mvc.method.annotation.RequestMappingHandlerAdapter.handleInternal(RequestMappingHandlerAdapter.java:853)
at org.springframework.web.servlet.mvc.method.AbstractHandlerMethodAdapter.handle(AbstractHandlerMethodAdapter.java:86)
at org.springframework.web.servlet.DispatcherServlet.doDispatch(DispatcherServlet.java:963)
at org.springframework.web.servlet.DispatcherServlet.doService(DispatcherServlet.java:866)
at org.springframework.web.servlet.FrameworkServlet.processRequest(FrameworkServlet.java:1003)
at org.springframework.web.servlet.FrameworkServlet.doPost(FrameworkServlet.java:903)
at jakarta.servlet.http.HttpServlet.service(HttpServlet.java:649)
at org.springframework.web.servlet.FrameworkServlet.service(FrameworkServlet.java:874)
at jakarta.servlet.http.HttpServlet.service(HttpServlet.java:710)
at org.apache.catalina.core.ApplicationFilterChain.doFilter(ApplicationFilterChain.java:128)
at org.apache.tomcat.websocket.server.WsFilter.doFilter(WsFilter.java:53)
at org.apache.catalina.core.ApplicationFilterChain.doFilter(ApplicationFilterChain.java:107)
at org.springframework.web.filter.RequestContextFilter.doFilterInternal(RequestContextFilter.java:100)
at org.springframework.web.filter.OncePerRequestFilter.doFilter(OncePerRequestFilter.java:116)
at org.apache.catalina.core.ApplicationFilterChain.doFilter(ApplicationFilterChain.java:107)
at org.springframework.web.filter.FormContentFilter.doFilterInternal(FormContentFilter.java:93)
at org.springframework.web.filter.OncePerRequestFilter.doFilter(OncePerRequestFilter.java:116)
at org.apache.catalina.core.ApplicationFilterChain.doFilter(ApplicationFilterChain.java:107)
at org.springframework.web.filter.CharacterEncodingFilter.doFilterInternal(CharacterEncodingFilter.java:199)
at org.springframework.web.filter.OncePerRequestFilter.doFilter(OncePerRequestFilter.java:116)
at org.apache.catalina.core.ApplicationFilterChain.doFilter(ApplicationFilterChain.java:107)
at org.apache.catalina.core.StandardWrapperValve.invoke(StandardWrapperValve.java:165)
at org.apache.catalina.core.StandardContextValve.invoke(StandardContextValve.java:77)
at org.apache.catalina.authenticator.AuthenticatorBase.invoke(AuthenticatorBase.java:482)
at org.apache.catalina.core.StandardHostValve.invoke(StandardHostValve.java:113)
at org.apache.catalina.valves.ErrorReportValve.invoke(ErrorReportValve.java:83)
at org.apache.catalina.core.StandardEngineValve.invoke(StandardEngineValve.java:72)
at org.apache.catalina.connector.CoyoteAdapter.service(CoyoteAdapter.java:341)
at org.apache.coyote.http11.Http11Processor.service(Http11Processor.java:397)
at org.apache.coyote.AbstractProcessorLight.process(AbstractProcessorLight.java:63)
at org.apache.coyote.AbstractProtocol$ConnectionHandler.process(AbstractProtocol.java:903)
at org.apache.tomcat.util.net.NioEndpoint$SocketProcessor.doRun(NioEndpoint.java:1778)
at org.apache.tomcat.util.net.SocketProcessorBase.run(SocketProcessorBase.java:52)
at org.apache.tomcat.util.threads.ThreadPoolExecutor.runWorker(ThreadPoolExecutor.java:946)
at org.apache.tomcat.util.threads.ThreadPoolExecutor$Worker.run(ThreadPoolExecutor.java:480)
at org.apache.tomcat.util.threads.TaskThread$WrappingRunnable.run(TaskThread.java:57)
at java.base/java.lang.Thread.run(Thread.java:1583)
]]>
            </full-stacktrace>
          </exception> <!-- java.lang.AssertionError -->
          <reporter-output>
            <line>
              <![CDATA[Initializing StatusCodesPage]]>
            </line>
            <line>
              <![CDATA[Clicking Status Code: 500]]>
            </line>
          </reporter-output>
        </test-method> <!-- verifyStatusCodeMessage -->
        <test-method is-config="true" signature="afterMethod()[pri:0, instance:com.milestone.four.herokuapp.pagestest.FT20_StatusCodesTest@380c66cc]" started-at="2026-02-08T20:26:48 IST" name="afterMethod" finished-at="2026-02-08T20:26:50 IST" duration-ms="1525" status="PASS">
          <reporter-output>
            <line>
              <![CDATA[Browser is closing]]>
            </line>
          </reporter-output>
        </test-method> <!-- afterMethod -->
        <test-method is-config="true" signature="afterClass()[pri:0, instance:com.milestone.four.herokuapp.pagestest.FT20_StatusCodesTest@380c66cc]" started-at="2026-02-08T20:26:50 IST" name="afterClass" finished-at="2026-02-08T20:26:50 IST" duration-ms="0" status="PASS">
          <reporter-output>
          </reporter-output>
        </test-method> <!-- afterClass -->
      </class> <!-- com.milestone.four.herokuapp.pagestest.FT20_StatusCodesTest -->
    </test> <!-- heroku Firefox test -->
  </suite> <!-- herokuapp Suite -->
</testng-results>
