<?xml version="1.0" encoding="UTF-8"?>
<!-- Generated by org.testng.reporters.JUnitReportReporter -->
<testsuite hostname="DESKTOP-NACMCLL" failures="0" tests="2" name="com.milestone.four.herokuapp.pagestest.FT02_AddRemoveTest" time="17.636" errors="0" timestamp="2026-01-29T14:00:01 IST" skipped="0">
  <testcase classname="com.milestone.four.herokuapp.pagestest.FT02_AddRemoveTest" name="verifyAddRemoveTest" time="12.181">
    <system-out>
      <![CDATA[Initializing Add Remove Page
Initialization of Add Button
Initialization of Add Button
Initialization of Add Button
Deleting all delete Button]]>
    </system-out>
  </testcase> <!-- verifyAddRemoveTest -->
  <testcase classname="com.milestone.four.herokuapp.pagestest.FT02_AddRemoveTest" name="verifyPageLoadsUnder3Seconds" time="5.455">
    <system-out>
      <![CDATA[Initializing PerformancePage]]>
    </system-out>
  </testcase> <!-- verifyPageLoadsUnder3Seconds -->
  <system-out>
    <![CDATA[Browser is opening
login test started
chrome
Initializing ABtesting
fetching heading text for abtesting
Browser is closing
Browser is opening
login test started
chrome
Initializing PerformancePage
Browser is closing
Browser is opening
login test started
chrome
Initializing Add Remove Page
Initialization of Add Button
Initialization of Add Button
Initialization of Add Button
Deleting all delete Button
Browser is closing
Browser is opening
login test started
chrome
Initializing PerformancePage
Browser is closing
Start Inserting Values for BasicAuth
Browser is opening
login test started
chrome
Initializing Basic auth
Navigating with Basic Auth credentials
Validating success message
Browser is closing
Browser is opening
login test started
chrome
Initializing Basic auth
Navigating with Basic Auth credentials
Browser is closing
Browser is opening
login test started
chrome
Initializing Basic auth
Navigating with Basic Auth credentials
Browser is closing
Browser is opening
login test started
chrome
Initializing Basic auth
Navigating with Basic Auth credentials
Browser is closing
Browser is opening
login test started
chrome
Initializing PerformancePage
Browser is closing]]>
  </system-out>
</testsuite> <!-- com.milestone.four.herokuapp.pagestest.FT02_AddRemoveTest -->
