<?xml version="1.0" encoding="UTF-8"?>
<!-- Generated by org.testng.reporters.JUnitReportReporter -->
<testsuite hostname="DESKTOP-NACMCLL" failures="0" tests="1" name="com.milestone.four.herokuapp.pagestest.FT11_EntryAdTest" time="1.106" errors="1" timestamp="2026-01-29T13:22:05 IST" skipped="0">
  <testcase classname="com.milestone.four.herokuapp.pagestest.FT11_EntryAdTest" name="verifyEntryAdPopup" time="1.106">
    <error message="Cannot invoke &quot;org.openqa.selenium.WebDriver.findElement(org.openqa.selenium.By)&quot; because the return value of &quot;com.milestone.four.utility.DriverFactory.getDriver()&quot; is null" type="java.lang.NullPointerException">
      <![CDATA[java.lang.NullPointerException: Cannot invoke "org.openqa.selenium.WebDriver.findElement(org.openqa.selenium.By)" because the return value of "com.milestone.four.utility.DriverFactory.getDriver()" is null
at com.milestone.four.herokuapp.pagestest.FT11_EntryAdTest.verifyEntryAdPopup(FT11_EntryAdTest.java:17)
at java.base/jdk.internal.reflect.DirectMethodHandleAccessor.invoke(DirectMethodHandleAccessor.java:103)
at java.base/java.lang.reflect.Method.invoke(Method.java:580)
at org.testng.internal.invokers.MethodInvocationHelper.invokeMethod(MethodInvocationHelper.java:141)
at org.testng.internal.invokers.TestInvoker.invokeMethod(TestInvoker.java:686)
at org.testng.internal.invokers.TestInvoker.invokeTestMethod(TestInvoker.java:230)
at org.testng.internal.invokers.MethodRunner.runInSequence(MethodRunner.java:63)
at org.testng.internal.invokers.TestInvoker$MethodInvocationAgent.invoke(TestInvoker.java:992)
at org.testng.internal.invokers.TestInvoker.invokeTestMethods(TestInvoker.java:203)
at org.testng.internal.invokers.TestMethodWorker.invokeTestMethods(TestMethodWorker.java:154)
at org.testng.internal.invokers.TestMethodWorker.run(TestMethodWorker.java:134)
at java.base/java.util.ArrayList.forEach(ArrayList.java:1596)
at org.testng.TestRunner.privateRun(TestRunner.java:739)
at org.testng.TestRunner.run(TestRunner.java:614)
at org.testng.SuiteRunner.runTest(SuiteRunner.java:421)
at org.testng.SuiteRunner.runSequentially(SuiteRunner.java:413)
at org.testng.SuiteRunner.privateRun(SuiteRunner.java:373)
at org.testng.SuiteRunner.run(SuiteRunner.java:312)
at org.testng.SuiteRunnerWorker.runSuite(SuiteRunnerWorker.java:52)
at org.testng.SuiteRunnerWorker.run(SuiteRunnerWorker.java:95)
at org.testng.TestNG.runSuitesSequentially(TestNG.java:1274)
at org.testng.TestNG.runSuitesLocally(TestNG.java:1208)
at org.testng.TestNG.runSuites(TestNG.java:1112)
at org.testng.TestNG.run(TestNG.java:1079)
at com.milestone.four.runner.TestNGSuiteRunner.runSuite(TestNGSuiteRunner.java:25)
at com.milestone.four.service.TestExecutionService.executeSuite(TestExecutionService.java:28)
at com.milestone.four.controller.UITestController.runSuite(UITestController.java:24)
at java.base/jdk.internal.reflect.DirectMethodHandleAccessor.invoke(DirectMethodHandleAccessor.java:103)
at java.base/java.lang.reflect.Method.invoke(Method.java:580)
at org.springframework.web.method.support.InvocableHandlerMethod.doInvoke(InvocableHandlerMethod.java:258)
at org.springframework.web.method.support.InvocableHandlerMethod.invokeForRequest(InvocableHandlerMethod.java:190)
at org.springframework.web.servlet.mvc.method.annotation.ServletInvocableHandlerMethod.invokeAndHandle(ServletInvocableHandlerMethod.java:117)
at org.springframework.web.servlet.mvc.method.annotation.RequestMappingHandlerAdapter.invokeHandlerMethod(RequestMappingHandlerAdapter.java:934)
at org.springframework.web.servlet.mvc.method.annotation.RequestMappingHandlerAdapter.handleInternal(RequestMappingHandlerAdapter.java:853)
at org.springframework.web.servlet.mvc.method.AbstractHandlerMethodAdapter.handle(AbstractHandlerMethodAdapter.java:86)
at org.springframework.web.servlet.DispatcherServlet.doDispatch(DispatcherServlet.java:963)
at org.springframework.web.servlet.DispatcherServlet.doService(DispatcherServlet.java:866)
at org.springframework.web.servlet.FrameworkServlet.processRequest(FrameworkServlet.java:1003)
at org.springframework.web.servlet.FrameworkServlet.doPost(FrameworkServlet.java:903)
at jakarta.servlet.http.HttpServlet.service(HttpServlet.java:649)
at org.springframework.web.servlet.FrameworkServlet.service(FrameworkServlet.java:874)
at jakarta.servlet.http.HttpServlet.service(HttpServlet.java:710)
at org.apache.catalina.core.ApplicationFilterChain.doFilter(ApplicationFilterChain.java:128)
at org.apache.tomcat.websocket.server.WsFilter.doFilter(WsFilter.java:53)
at org.apache.catalina.core.ApplicationFilterChain.doFilter(ApplicationFilterChain.java:107)
at org.springframework.web.filter.RequestContextFilter.doFilterInternal(RequestContextFilter.java:100)
at org.springframework.web.filter.OncePerRequestFilter.doFilter(OncePerRequestFilter.java:116)
at org.apache.catalina.core.ApplicationFilterChain.doFilter(ApplicationFilterChain.java:107)
at org.springframework.web.filter.FormContentFilter.doFilterInternal(FormContentFilter.java:93)
at org.springframework.web.filter.OncePerRequestFilter.doFilter(OncePerRequestFilter.java:116)
at org.apache.catalina.core.ApplicationFilterChain.doFilter(ApplicationFilterChain.java:107)
at org.springframework.web.filter.CharacterEncodingFilter.doFilterInternal(CharacterEncodingFilter.java:199)
at org.springframework.web.filter.OncePerRequestFilter.doFilter(OncePerRequestFilter.java:116)
at org.apache.catalina.core.ApplicationFilterChain.doFilter(ApplicationFilterChain.java:107)
at org.apache.catalina.core.StandardWrapperValve.invoke(StandardWrapperValve.java:165)
at org.apache.catalina.core.StandardContextValve.invoke(StandardContextValve.java:77)
at org.apache.catalina.authenticator.AuthenticatorBase.invoke(AuthenticatorBase.java:482)
at org.apache.catalina.core.StandardHostValve.invoke(StandardHostValve.java:113)
at org.apache.catalina.valves.ErrorReportValve.invoke(ErrorReportValve.java:83)
at org.apache.catalina.core.StandardEngineValve.invoke(StandardEngineValve.java:72)
at org.apache.catalina.connector.CoyoteAdapter.service(CoyoteAdapter.java:341)
at org.apache.coyote.http11.Http11Processor.service(Http11Processor.java:397)
at org.apache.coyote.AbstractProcessorLight.process(AbstractProcessorLight.java:63)
at org.apache.coyote.AbstractProtocol$ConnectionHandler.process(AbstractProtocol.java:903)
at org.apache.tomcat.util.net.NioEndpoint$SocketProcessor.doRun(NioEndpoint.java:1778)
at org.apache.tomcat.util.net.SocketProcessorBase.run(SocketProcessorBase.java:52)
at org.apache.tomcat.util.threads.ThreadPoolExecutor.runWorker(ThreadPoolExecutor.java:946)
at org.apache.tomcat.util.threads.ThreadPoolExecutor$Worker.run(ThreadPoolExecutor.java:480)
at org.apache.tomcat.util.threads.TaskThread$WrappingRunnable.run(TaskThread.java:57)
at java.base/java.lang.Thread.run(Thread.java:1583)
]]>
    </error>
  </testcase> <!-- verifyEntryAdPopup -->
  <system-out>
    <![CDATA[Browser is opening
login test started
chrome
Initializing ABtesting
fetching heading text for abtesting
Browser is closing
Browser is opening
login test started
chrome
Initializing PerformancePage
Browser is closing
Browser is opening
login test started
chrome
Initializing Add Remove Page
Initialization of Add Button
Initialization of Add Button
Initialization of Add Button
Deleting all delete Button
Browser is closing
Browser is opening
login test started
chrome
Initializing PerformancePage
Browser is closing
Start Inserting Values for BasicAuth
Browser is opening
login test started
chrome
Initializing Basic auth
Navigating with Basic Auth credentials
Validating success message
Browser is closing
Browser is opening
login test started
chrome
Initializing Basic auth
Navigating with Basic Auth credentials
Browser is closing
Browser is opening
login test started
chrome
Initializing Basic auth
Navigating with Basic Auth credentials
Browser is closing
Browser is opening
login test started
chrome
Initializing Basic auth
Navigating with Basic Auth credentials
Browser is closing
Browser is opening
login test started
chrome
Initializing PerformancePage
Browser is closing
Browser is opening
login test started
chrome
Initialization of Broken Image Test
Checking the Broken state of the images
Checking the Broken state of the images
Browser is closing
Browser is opening
login test started
chrome
Initializing PerformancePage
Browser is closing
Browser is opening
login test started
chrome
Initialization of CheckBox Method
Selecting checkBox at index : 0
CheckBox is selected at Index: 0
Browser is closing
Browser is opening
login test started
chrome
Initializing PerformancePage
Browser is closing
Browser is opening
login test started
chrome
Initialization of the ContextMenuPage
Performing right click on the contextMenu
Started Handling the alert text
Browser is closing
Browser is opening
login test started
chrome
Initializing DragDropPage
Performing Drag and Drop A to B
Browser is closing
Browser is opening
login test started
chrome
Initialization of Drop-Down Page
Selecting the option from drop down
Selecting the option from drop down
Browser is closing
Browser is opening
login test started
chrome
Initializing PerformancePage
Browser is closing
Browser is opening
login test started
chrome
Initialization of Dynamic Control Page
Started click on remove button
Started click on add button
Start clicking on Enabled Button
Start clicking on Diabled button
Browser is closing
Browser is opening
login test started
chrome
Initializing DynamicLoadingPage
Clicking Start button
Waiting for loading to finish
Waiting for finish text
Browser is closing
Browser is opening
login test started
firefox
Browser is closing
Browser is opening
login test started
firefox
Initializing TyposPage
Browser is closing
Browser is opening
login test started
firefox
Initializing FileUploadPage
Uploading file: C:\Projects\Sample.txt.txt
Clicking Upload button
Uploaded file name: Sample.txt.txt
Browser is closing
Browser is opening
login test started
firefox
Initializing PerformancePage
Browser is closing
Browser is opening
login test started
firefox
Initializing FileDownloadPage
Download link: https://the-internet.herokuapp.com/download/some-file.txt
Clicking file download link
Browser is closing
Browser is opening
login test started
firefox
Initializing PerformancePage
Browser is closing
Browser is opening
login test started
firefox
Initializing FloatingMenuPage
Scrolling page by: 800
Checking if floating menu is displayed
Scrolling page by: -800
Checking if floating menu is displayed
Browser is closing
Starting Inserting values for Login Form
Browser is opening
login test started
firefox
Initialization of LoginForm Page Authentication
Browser is closing
Browser is opening
login test started
firefox
Initialization of LoginForm Page Authentication
Browser is closing
Browser is opening
login test started
firefox
Initialization of LoginForm Page Authentication
Browser is closing
Browser is opening
login test started
firefox
Initialization of LoginForm Page Authentication
Browser is closing
Browser is opening
login test started
firefox
Initializing HorizontalSliderPage
Moving slider to value (via Actions): 5
Moved slider using Actions successfully
Browser is closing
Browser is opening
login test started
firefox
Initializing HoversPage
Hovering over user index: 0
Hovering over user index: 1
Hovering over user index: 2
Browser is closing
Browser is opening
login test started
firefox
Initializing PerformancePage
Browser is closing
Browser is opening
login test started
firefox
Initializing InfiniteScrollPage
Scrolling down the page
Scrolling down the page
Scrolling down the page
Scrolling down the page
Browser is closing
Browser is opening
login test started
firefox
Initializing PerformancePage
Browser is closing
Starting providing different code to the page
Browser is opening
login test started
firefox
Initializing StatusCodesPage
Clicking Status Code: 200
Browser is closing
Browser is opening
login test started
firefox
Initializing StatusCodesPage
Clicking Status Code: 301
Browser is closing
Browser is opening
login test started
firefox
Initializing StatusCodesPage
Clicking Status Code: 404
Browser is closing
Browser is opening
login test started
firefox
Initializing StatusCodesPage
Clicking Status Code: 500
Browser is closing]]>
  </system-out>
</testsuite> <!-- com.milestone.four.herokuapp.pagestest.FT11_EntryAdTest -->
