<?xml version="1.0" encoding="UTF-8"?>
<!-- Generated by org.testng.reporters.JUnitReportReporter -->
<testsuite hostname="DESKTOP-NACMCLL" failures="0" tests="2" name="com.milestone.four.herokuapp.pagestest.FT05_CheckBoxTest" time="12.317" errors="0" timestamp="2026-01-29T15:04:46 IST" skipped="0">
  <testcase classname="com.milestone.four.herokuapp.pagestest.FT05_CheckBoxTest" name="verifyCheckBoxes" time="6.255">
    <system-out>
      <![CDATA[Initialization of CheckBox Method
Selecting checkBox at index : 0
CheckBox is selected at Index: 0
Test PASSED: verifyCheckBoxes]]>
    </system-out>
  </testcase> <!-- verifyCheckBoxes -->
  <testcase classname="com.milestone.four.herokuapp.pagestest.FT05_CheckBoxTest" name="verifyPageLoadsUnder3Seconds" time="6.062">
    <system-out>
      <![CDATA[Initializing PerformancePage
Test PASSED: verifyPageLoadsUnder3Seconds]]>
    </system-out>
  </testcase> <!-- verifyPageLoadsUnder3Seconds -->
  <system-out>
    <![CDATA[Browser is opening
login test started
chrome
Initializing ABtesting
fetching heading text for abtesting
Test PASSED: verifyHeadingText
Browser is closing
Browser is opening
login test started
chrome
Initializing PerformancePage
Test PASSED: verifyPageLoadsUnder3Seconds
Browser is closing
Browser is opening
login test started
chrome
Initializing Add Remove Page
Initialization of Add Button
Initialization of Add Button
Initialization of Add Button
Deleting all delete Button
Test PASSED: verifyAddRemoveTest
Browser is closing
Browser is opening
login test started
chrome
Initializing PerformancePage
Test PASSED: verifyPageLoadsUnder3Seconds
Browser is closing
Start Inserting Values for BasicAuth
Browser is opening
login test started
chrome
Initializing Basic auth
Navigating with Basic Auth credentials
Validating success message
Test PASSED: verifyBasicAuth
Browser is closing
Browser is opening
login test started
chrome
Initializing Basic auth
Navigating with Basic Auth credentials
Test PASSED: verifyBasicAuth
Browser is closing
Browser is opening
login test started
chrome
Initializing Basic auth
Navigating with Basic Auth credentials
Test PASSED: verifyBasicAuth
Browser is closing
Browser is opening
login test started
chrome
Initializing Basic auth
Navigating with Basic Auth credentials
Test PASSED: verifyBasicAuth
Browser is closing
Browser is opening
login test started
chrome
Initializing PerformancePage
Test PASSED: verifyPageLoadsUnder3Seconds
Browser is closing
Browser is opening
login test started
chrome
Initialization of Broken Image Test
Checking the Broken state of the images
Checking the Broken state of the images
Test PASSED: verifyBrokenImages
Browser is closing
Browser is opening
login test started
chrome
Initializing PerformancePage
Test PASSED: verifyPageLoadsUnder3Seconds
Browser is closing
Browser is opening
login test started
chrome
Initialization of CheckBox Method
Selecting checkBox at index : 0
CheckBox is selected at Index: 0
Test PASSED: verifyCheckBoxes
Browser is closing
Browser is opening
login test started
chrome
Initializing PerformancePage
Test PASSED: verifyPageLoadsUnder3Seconds
Browser is closing
Browser is opening
login test started
chrome
Initialization of the ContextMenuPage
Performing right click on the contextMenu
Started Handling the alert text
Test PASSED: verifyContextMenuAlert
Browser is closing
Browser is opening
login test started
chrome
Initializing DragDropPage
Performing Drag and Drop A to B
Test PASSED: verifyDragAndDrop
Browser is closing
Browser is opening
login test started
chrome
Initialization of Drop-Down Page
Selecting the option from drop down
Selecting the option from drop down
Test PASSED: verifyDropDown
Browser is closing
Browser is opening
login test started
chrome
Initializing PerformancePage
Test PASSED: verifyPageLoadsUnder3Seconds
Browser is closing
Browser is opening
login test started
chrome
Initialization of Dynamic Control Page
Started click on remove button
Started click on add button
Start clicking on Enabled Button
Start clicking on Diabled button
Test PASSED: verifyDynamicControls
Browser is closing
Browser is opening
login test started
chrome
Initializing DynamicLoadingPage
Clicking Start button
Waiting for loading to finish
Waiting for finish text
Test PASSED: verifyDynamicLoadingFlow
Browser is closing
Browser is opening
login test started
firefox
Initializing EntryAdPage
Waiting for modal popup
Closing modal popup
Checking if modal popup is closed
Test PASSED: verifyEntryAdPopup
Browser is closing
Browser is opening
login test started
firefox
Initializing TyposPage
Test PASSED: verifyNoTypoInParagraph
Browser is closing
Browser is opening
login test started
firefox
Initializing FileUploadPage
Uploading file: C:\Projects\Sample.txt.txt
Clicking Upload button
Uploaded file name: Sample.txt.txt
Test PASSED: verifyFileUpload
Browser is closing
Browser is opening
login test started
firefox
Initializing PerformancePage
Test PASSED: verifyPageLoadsUnder3Seconds
Browser is closing
Browser is opening
login test started
firefox
Initializing FileDownloadPage
Download link: https://the-internet.herokuapp.com/download/some-file.txt
Clicking file download link
Test PASSED: verifyFileDownloadLink
Browser is closing
Browser is opening
login test started
firefox
Initializing PerformancePage
Test PASSED: verifyPageLoadsUnder3Seconds
Browser is closing
Browser is opening
login test started
firefox
Initializing FloatingMenuPage
Scrolling page by: 800
Checking if floating menu is displayed
Scrolling page by: -800
Checking if floating menu is displayed
Test PASSED: verifyFloatingMenuStaysVisible
Browser is closing
Starting Inserting values for Login Form
Browser is opening
login test started
firefox
Initialization of LoginForm Page Authentication
Test PASSED: verifyLoginCredentials
Browser is closing
Browser is opening
login test started
firefox
Initialization of LoginForm Page Authentication
Test PASSED: verifyLoginCredentials
Browser is closing
Browser is opening
login test started
firefox
Initialization of LoginForm Page Authentication
Test PASSED: verifyLoginCredentials
Browser is closing
Browser is opening
login test started
firefox
Initialization of LoginForm Page Authentication
Test PASSED: verifyLoginCredentials
Browser is closing
Browser is opening
login test started
firefox
Initializing HorizontalSliderPage
Moving slider to value (via Actions): 5
Moved slider using Actions successfully
Test PASSED: verifySliderMovesUsingActions
Browser is closing
Browser is opening
login test started
firefox
Initializing HoversPage
Hovering over user index: 0
Hovering over user index: 1
Hovering over user index: 2
Test PASSED: verifyHoverUserProfile
Browser is closing
Browser is opening
login test started
firefox
Initializing PerformancePage
Test PASSED: verifyPageLoadsUnder3Seconds
Browser is closing
Browser is opening
login test started
firefox
Initializing InfiniteScrollPage
Scrolling down the page
Scrolling down the page
Scrolling down the page
Scrolling down the page
Test PASSED: verifyInfiniteScrollLoadsMoreContent
Browser is closing
Browser is opening
login test started
firefox
Initializing PerformancePage
Test PASSED: verifyPageLoadsUnder3Seconds
Browser is closing
Starting providing different code to the page
Browser is opening
login test started
firefox
Initializing StatusCodesPage
Clicking Status Code: 200
Test PASSED: verifyStatusCodeMessage
Browser is closing
Browser is opening
login test started
firefox
Initializing StatusCodesPage
Clicking Status Code: 301
Test PASSED: verifyStatusCodeMessage
Browser is closing
Browser is opening
login test started
firefox
Initializing StatusCodesPage
Clicking Status Code: 404
Test PASSED: verifyStatusCodeMessage
Browser is closing
Browser is opening
login test started
firefox
Initializing StatusCodesPage
Clicking Status Code: 500
Test PASSED: verifyStatusCodeMessage
Browser is closing]]>
  </system-out>
</testsuite> <!-- com.milestone.four.herokuapp.pagestest.FT05_CheckBoxTest -->
