<?xml version="1.0" encoding="UTF-8"?>
<!-- Generated by org.testng.reporters.JUnitReportReporter -->
<testsuite hostname="DESKTOP-NACMCLL" failures="0" tests="6" name="com.milestone.four.orangehrm.pagestest.LoginPageTest" time="119.382" errors="0" timestamp="2026-01-29T14:07:10 IST" skipped="0">
  <testcase classname="com.milestone.four.orangehrm.pagestest.LoginPageTest" name="loginTest" time="22.008">
    <system-out>
      <![CDATA[login test started
LoginPage contructor start to initialise Driver
Login started]]>
    </system-out>
  </testcase> <!-- loginTest -->
  <testcase classname="com.milestone.four.orangehrm.pagestest.LoginPageTest" name="loginTest" time="29.820">
    <system-out>
      <![CDATA[login test started
LoginPage contructor start to initialise Driver
Login started]]>
    </system-out>
  </testcase> <!-- loginTest -->
  <testcase classname="com.milestone.four.orangehrm.pagestest.LoginPageTest" name="loginTest" time="18.615">
    <system-out>
      <![CDATA[login test started
LoginPage contructor start to initialise Driver
Login started]]>
    </system-out>
  </testcase> <!-- loginTest -->
  <testcase classname="com.milestone.four.orangehrm.pagestest.LoginPageTest" name="loginTest" time="16.267">
    <system-out>
      <![CDATA[login test started
LoginPage contructor start to initialise Driver
Login started]]>
    </system-out>
  </testcase> <!-- loginTest -->
  <testcase classname="com.milestone.four.orangehrm.pagestest.LoginPageTest" name="loginTest" time="13.825">
    <system-out>
      <![CDATA[login test started
LoginPage contructor start to initialise Driver
Login started]]>
    </system-out>
  </testcase> <!-- loginTest -->
  <testcase classname="com.milestone.four.orangehrm.pagestest.LoginPageTest" name="loginTest" time="18.847">
    <system-out>
      <![CDATA[login test started
LoginPage contructor start to initialise Driver
Login started]]>
    </system-out>
  </testcase> <!-- loginTest -->
  <system-out>
    <![CDATA[Browser is opening
login test started
chrome
Initializing ABtesting
fetching heading text for abtesting
Browser is closing
Browser is opening
login test started
chrome
Initializing PerformancePage
Browser is closing
Browser is opening
login test started
chrome
Initializing Add Remove Page
Initialization of Add Button
Initialization of Add Button
Initialization of Add Button
Deleting all delete Button
Browser is closing
Browser is opening
login test started
chrome
Initializing PerformancePage
Browser is closing
Start Inserting Values for BasicAuth
Browser is opening
login test started
chrome
Initializing Basic auth
Navigating with Basic Auth credentials
Validating success message
Browser is closing
Browser is opening
login test started
chrome
Initializing Basic auth
Navigating with Basic Auth credentials
Browser is closing
Browser is opening
login test started
chrome
Initializing Basic auth
Navigating with Basic Auth credentials
Browser is closing
Browser is opening
login test started
chrome
Initializing Basic auth
Navigating with Basic Auth credentials
Browser is closing
Browser is opening
login test started
chrome
Initializing PerformancePage
Browser is closing
Data Provider value inserted
Browser is opening
login test started
chrome
login test started
LoginPage contructor start to initialise Driver
Login started
Browser is closing
Browser is opening
login test started
chrome
login test started
LoginPage contructor start to initialise Driver
Login started
Browser is closing
Browser is opening
login test started
chrome
login test started
LoginPage contructor start to initialise Driver
Login started
Browser is closing
Data Provider value inserted
Browser is opening
login test started
firefox
login test started
LoginPage contructor start to initialise Driver
Login started
Browser is closing
Browser is opening
login test started
firefox
login test started
LoginPage contructor start to initialise Driver
Login started
Browser is closing
Browser is opening
login test started
firefox
login test started
LoginPage contructor start to initialise Driver
Login started
Browser is closing]]>
  </system-out>
</testsuite> <!-- com.milestone.four.orangehrm.pagestest.LoginPageTest -->
